Scanning directory: E:/Blippi/downloads
Scanning directory: E:/Blippi/downloads
Found 433 silent videos.
Using extracted ID: Kx241A5WsDI
Processing: https://www.youtube.com/watch?v=Kx241A5WsDI
Retrying with title search for: Blippi & Yellowcard GO GO GO on a World Tour 🎸
Searching YouTube for: Blippi & Yellowcard GO GO GO on a World Tour 🎸
Processing: https://www.youtube.com/watch?v=Kx241A5WsDI
Using extracted ID: pZdvmhJNxaI
Processing: https://www.youtube.com/watch?v=pZdvmhJNxaI
Retrying with title search for: What’s Hiding in the Halloween Slime Excavator？ 👀🎃
Searching YouTube for: What’s Hiding in the Halloween Slime Excavator？ 👀🎃
Processing: https://www.youtube.com/watch?v=Hd8QogCNFGk
Download error: ERROR: [download] Got error: HTTPSConnectionPool(host='rr6---sn-nuj-g0iz.googlevideo.com', port=443): Read timed out.
Using extracted ID: _WI3C0liwwk
Processing: https://www.youtube.com/watch?v=_WI3C0liwwk
Download error: ERROR: [download] Got error: ("Connection broken: ConnectionResetError(10054, 'An existing connection was forcibly closed by the remote host', None, 10054, None)", ConnectionResetError(10054, 'An existing connection was forcibly closed by the remote host', None, 10054, None))
Using extracted ID: gJpklpnD61w
Processing: https://www.youtube.com/watch?v=gJpklpnD61w
Retrying with title search for: Blippi’s Spooky Halloween House Makeover!
Searching YouTube for: Blippi’s Spooky Halloween House Makeover!
Processing: https://www.youtube.com/watch?v=gJpklpnD61w
Using extracted ID: d308K-xwIAg
Processing: https://www.youtube.com/watch?v=d308K-xwIAg
Retrying with title search for: Blippi’s Puppy Training Day! 🐶
Searching YouTube for: Blippi’s Puppy Training Day! 🐶
Processing: https://www.youtube.com/watch?v=CCr3oLcTGVo
Using extracted ID: iGdx3_3qrko
Processing: https://www.youtube.com/watch?v=iGdx3_3qrko
Retrying with title search for: Blippi Learns to Care for Puppies! 🐾
Searching YouTube for: Blippi Learns to Care for Puppies! 🐾
Processing: https://www.youtube.com/watch?v=T7oGgq6md00
Using extracted ID: yeVTvh9HU8s
Processing: https://www.youtube.com/watch?v=yeVTvh9HU8s
Retrying with title search for: Blippi Meets Dr. Ted the Puppy at the Hospital 🐶
Searching YouTube for: Blippi Meets Dr. Ted the Puppy at the Hospital 🐶
Processing: https://www.youtube.com/watch?v=9a75H7gwpk0
Using extracted ID: Ewif3_xKBEs
Processing: https://www.youtube.com/watch?v=Ewif3_xKBEs
Retrying with title search for: Blippi Breaks a Vase! Clean Up Stories for Kids!
Searching YouTube for: Blippi Breaks a Vase! Clean Up Stories for Kids!
Processing: https://www.youtube.com/watch?v=Ewif3_xKBEs
Using extracted ID: MK0DEfG1AyM
Processing: https://www.youtube.com/watch?v=MK0DEfG1AyM
Retrying with title search for: Blippi Becomes a Zookeeper! 🐢
Searching YouTube for: Blippi Becomes a Zookeeper! 🐢
Processing: https://www.youtube.com/watch?v=MK0DEfG1AyM
Using extracted ID: KZO7QyubF5E
Processing: https://www.youtube.com/watch?v=KZO7QyubF5E
Retrying with title search for: Sandbox Surprise! Blippi Counts Dino Eggs 1–10! 🦕
Searching YouTube for: Sandbox Surprise! Blippi Counts Dino Eggs 1–10! 🦕
Processing: https://www.youtube.com/watch?v=KZO7QyubF5E
Using extracted ID: XaVB-cI-k7Q
Processing: https://www.youtube.com/watch?v=XaVB-cI-k7Q
Download error: ERROR: [download] Got error: HTTPSConnectionPool(host='rr4---sn-nuj-g0iz.googlevideo.com', port=443): Read timed out.
Using extracted ID: B_QZfnMn7Mk
Processing: https://www.youtube.com/watch?v=B_QZfnMn7Mk
Download error: ERROR: [download] Got error: ("Connection broken: ConnectionResetError(10054, 'An existing connection was forcibly closed by the remote host', None, 10054, None)", ConnectionResetError(10054, 'An existing connection was forcibly closed by the remote host', None, 10054, None))
Using extracted ID: j-Q_9YOtHyc
Processing: https://www.youtube.com/watch?v=j-Q_9YOtHyc
Download error: ERROR: [download] Got error: HTTPSConnectionPool(host='rr6---sn-nuj-g0iz.googlevideo.com', port=443): Read timed out.
Using extracted ID: POPpSuTCWHg
Processing: https://www.youtube.com/watch?v=POPpSuTCWHg
Retrying with title search for: Blippi Goes Fishing! Educational Videos for Kids
Searching YouTube for: Blippi Goes Fishing! Educational Videos for Kids
Processing: https://www.youtube.com/watch?v=POPpSuTCWHg
Using extracted ID: 0puB-kC3yBo
Processing: https://www.youtube.com/watch?v=0puB-kC3yBo
Cleaning up leftover temporary files...
Scanning directory: E:/Blippi/downloads
Found 433 silent videos.
Using extracted ID: Kx241A5WsDI
Processing: https://www.youtube.com/watch?v=Kx241A5WsDI
Merging audio into: E:/Blippi/downloads\Blippi - Educational Videos for Kids\Blippi & Yellowcard GO GO GO on a World Tour 🎸 [Kx241A5WsDI].f401.mp4
Successfully fixed: E:/Blippi/downloads\Blippi - Educational Videos for Kids\Blippi & Yellowcard GO GO GO on a World Tour 🎸 [Kx241A5WsDI].f401.mp4
Downloaded thumbnail: E:/Blippi/downloads\Blippi - Educational Videos for Kids\Blippi & Yellowcard GO GO GO on a World Tour 🎸 [Kx241A5WsDI].f401.jpg
Using extracted ID: pZdvmhJNxaI
Processing: https://www.youtube.com/watch?v=pZdvmhJNxaI
Merging audio into: E:/Blippi/downloads\Blippi - Educational Videos for Kids\What’s Hiding in the Halloween Slime Excavator？ 👀🎃 [pZdvmhJNxaI].f399.mp4
Successfully fixed: E:/Blippi/downloads\Blippi - Educational Videos for Kids\What’s Hiding in the Halloween Slime Excavator？ 👀🎃 [pZdvmhJNxaI].f399.mp4
Downloaded thumbnail: E:/Blippi/downloads\Blippi - Educational Videos for Kids\What’s Hiding in the Halloween Slime Excavator？ 👀🎃 [pZdvmhJNxaI].f399.jpg
Using extracted ID: _WI3C0liwwk
Processing: https://www.youtube.com/watch?v=_WI3C0liwwk
Merging audio into: E:/Blippi/downloads\Blippi - Educational Videos for Kids\Blippi’s Big Vehicle Rides! 🎡 [_WI3C0liwwk].f399.mp4
Successfully fixed: E:/Blippi/downloads\Blippi - Educational Videos for Kids\Blippi’s Big Vehicle Rides! 🎡 [_WI3C0liwwk].f399.mp4
Downloaded thumbnail: E:/Blippi/downloads\Blippi - Educational Videos for Kids\Blippi’s Big Vehicle Rides! 🎡 [_WI3C0liwwk].f399.jpg
Using extracted ID: gJpklpnD61w
Processing: https://www.youtube.com/watch?v=gJpklpnD61w
Merging audio into: E:/Blippi/downloads\Blippi - Educational Videos for Kids\Blippi’s Spooky Halloween House Makeover! [gJpklpnD61w].f399.mp4
Successfully fixed: E:/Blippi/downloads\Blippi - Educational Videos for Kids\Blippi’s Spooky Halloween House Makeover! [gJpklpnD61w].f399.mp4
Downloaded thumbnail: E:/Blippi/downloads\Blippi - Educational Videos for Kids\Blippi’s Spooky Halloween House Makeover! [gJpklpnD61w].f399.jpg
Using extracted ID: d308K-xwIAg
Processing: https://www.youtube.com/watch?v=d308K-xwIAg
Merging audio into: E:/Blippi/downloads\Blippi - Educational Videos for Kids\Blippi’s Puppy Training Day! 🐶 [d308K-xwIAg].f401.mp4
Successfully fixed: E:/Blippi/downloads\Blippi - Educational Videos for Kids\Blippi’s Puppy Training Day! 🐶 [d308K-xwIAg].f401.mp4
Downloaded thumbnail: E:/Blippi/downloads\Blippi - Educational Videos for Kids\Blippi’s Puppy Training Day! 🐶 [d308K-xwIAg].f401.jpg
Reached limit of 5 videos.
Cleaning up leftover temporary files...
Scanning directory: E:/Blippi/downloads
Found 433 silent videos.
 [DRY RUN] Would fix: E:/Blippi/downloads\Blippi - Educational Videos for Kids\Blippi Learns to Care for Puppies! 🐾 [iGdx3_3qrko].f399.mp4
 [DRY RUN] Would fix: E:/Blippi/downloads\Blippi - Educational Videos for Kids\Blippi Meets Dr. Ted the Puppy at the Hospital 🐶 [yeVTvh9HU8s].f399.mp4
 [DRY RUN] Would fix: E:/Blippi/downloads\Blippi - Educational Videos for Kids\Blippi Breaks a Vase! Clean Up Stories for Kids! [Ewif3_xKBEs].f399.mp4
 [DRY RUN] Would fix: E:/Blippi/downloads\Blippi - Educational Videos for Kids\Blippi Becomes a Zookeeper! 🐢 [MK0DEfG1AyM].f401.mp4
 [DRY RUN] Would fix: E:/Blippi/downloads\Blippi - Educational Videos for Kids\Sandbox Surprise! Blippi Counts Dino Eggs 1–10! 🦕 [KZO7QyubF5E].f399.mp4
 [DRY RUN] Would fix: E:/Blippi/downloads\Blippi - Educational Videos for Kids\Blippi and Meekah vs. the Halloween King! Trick-or-Treat Adventure [XaVB-cI-k7Q].f399.mp4
 [DRY RUN] Would fix: E:/Blippi/downloads\Blippi - Educational Videos for Kids\Blippi Makes Colorful Super Fun Slime! 🎨 [B_QZfnMn7Mk].f399.mp4
 [DRY RUN] Would fix: E:/Blippi/downloads\Blippi - Educational Videos for Kids\Blippi Builds a Plane and Becomes a Pilot ✈️ [j-Q_9YOtHyc].f401.mp4
 [DRY RUN] Would fix: E:/Blippi/downloads\Blippi - Educational Videos for Kids\Blippi Goes Fishing! Educational Videos for Kids [POPpSuTCWHg].f399.mp4
 [DRY RUN] Would fix: E:/Blippi/downloads\Blippi - Educational Videos for Kids\Blippi and David Chang's Pizza Challenge! 🍕 [0puB-kC3yBo].f399.mp4
 [DRY RUN] Would fix: E:/Blippi/downloads\Blippi - Educational Videos for Kids\Can Blippi Dig Up Dinosaur Fossils and Skeletons？ 🦖 [vdl8tQaTzN0].f401.mp4
 [DRY RUN] Would fix: E:/Blippi/downloads\Blippi - Educational Videos for Kids\Can Blippi Find Dinosaurs？! 🦖 [bsMZ5cGTGaE].f399.mp4
 [DRY RUN] Would fix: E:/Blippi/downloads\Blippi - Educational Videos for Kids\Blippi Saves a Kitty at the Playground! 🐈 [_MztKubjJwE].f399.mp4
 [DRY RUN] Would fix: E:/Blippi/downloads\Blippi - Educational Videos for Kids\Blippi’s Big Vroomtown Adventure with Mr. Elephant! 🚗🐘 [i03UiSZUhYg].f401.mp4
 [DRY RUN] Would fix: E:/Blippi/downloads\Blippi - Educational Videos for Kids\👑 Will Blippi Get His Candy Back from the Halloween King？ 🎃 [_X2mzfGaj8Q].f401.mp4
 [DRY RUN] Would fix: E:/Blippi/downloads\Blippi - Educational Videos for Kids\Blippi & Everest Dino Paint Hunt Adventure! 🦕🎨 [SKbXZLz-3Ww].f399.mp4
 [DRY RUN] Would fix: E:/Blippi/downloads\Blippi - Educational Videos for Kids\Can Blippi Fly on a Zipline？ - Blippi ｜ Educational Videos for Kids [Edt8elzkMZk].f399.mp4
 [DRY RUN] Would fix: E:/Blippi/downloads\Blippi - Educational Videos for Kids\Blippi Makes a Build-A-Bear Friend 🧸✨ [cLNZzqlOv84].f399.mp4
 [DRY RUN] Would fix: E:/Blippi/downloads\Blippi - Educational Videos for Kids\🍭 Can Blippi & Sammy Survive the Candy Floor is Lava？ 🎃 Sink or Float Halloween Fun! [xhDdWr0OLz0].f399.mp4
 [DRY RUN] Would fix: E:/Blippi/downloads\Blippi - Educational Videos for Kids\Blippi’s Obstacle Course Vehicle Challenge! 🚌 🧩 [mI50lO6whNk].f401.mp4
 [DRY RUN] Would fix: E:/Blippi/downloads\Blippi - Educational Videos for Kids\The Cat in the Hat Helps Blippi Make a Volcano Erupt 🌋 [UIcvIGS5sWM].f401.mp4
 [DRY RUN] Would fix: E:/Blippi/downloads\Blippi - Educational Videos for Kids\Blippi & Los Meñiques De La Casa - Curious Como Yo (Spanish and English Song) 🎵 🎶 [Wbp-Olo8zP8].f401.mp4
 [DRY RUN] Would fix: E:/Blippi/downloads\Blippi - Educational Videos for Kids\Ride the Halloween Pumpkin Rollercoaster with Blippi! 🎢🎃 How Fast Does It Go？! [bWpweAC7hw4].f399.mp4
 [DRY RUN] Would fix: E:/Blippi/downloads\Blippi - Educational Videos for Kids\Blippi vs. Miles Music Kid! 🎶 Who Wins the Music Challenge？ 🎵🥁  @milesmusickid [76OLir-MXRE].f401.mp4
 [DRY RUN] Would fix: E:/Blippi/downloads\Blippi - Educational Videos for Kids\Blippi & Jude’s Wacky Food UNBOXING Adventure! 🥦 🍽️ [JMtmN6c33S0].f399.mp4
 [DRY RUN] Would fix: E:/Blippi/downloads\Blippi - Educational Videos for Kids\🎃 Blippi’s Silly Pumpkin Patch Challenge! 🌽 Can He Find the Jack O’ Lantern？ [oKh73UJ2MlQ].f401.mp4
 [DRY RUN] Would fix: E:/Blippi/downloads\Blippi - Educational Videos for Kids\🚨 Can Blippi Save the Dino Stuffy？! 🧯 Fire Truck Adventure & Pretend Play Fun! [vxWMFxg-VjY].f399.mp4
 [DRY RUN] Would fix: E:/Blippi/downloads\Blippi - Educational Videos for Kids\Blippi's Train Mystery Box Challenge 🚂 [JVJLQhntB3U].f401.mp4
 [DRY RUN] Would fix: E:/Blippi/downloads\Blippi - Educational Videos for Kids\🐣🦕 Blippi Plays with Baby Dinos! Pterodactyl Eggs Are Hatching! [EVDP9c9RiS0].f399.mp4
 [DRY RUN] Would fix: E:/Blippi/downloads\Blippi - Educational Videos for Kids\🐊 Can Blippi Trick or Treat with an ALLIGATOR？ 🎃 Silly Halloween Adventure! [wgjKRuOVGJM].f399.mp4
 [DRY RUN] Would fix: E:/Blippi/downloads\Blippi - Educational Videos for Kids\Blippi and Meekah’s Giant Color Ball Cleanup! 🔵 [SZxXXHP0y6M].f399.mp4
 [DRY RUN] Would fix: E:/Blippi/downloads\Blippi - Educational Videos for Kids\🚗 Blippi Gets His Driver’s License! VroomTown Dino Toy Hunt 🦖 [76BqFwAtSdw].f401.mp4
 [DRY RUN] Would fix: E:/Blippi/downloads\Blippi - Educational Videos for Kids\🛝 Blippi’s BIG Slide Challenge at the Water Playground! 🌊 Will it Sink or Float？ [MsW7fpg3F1c].f401.mp4
 [DRY RUN] Would fix: E:/Blippi/downloads\Blippi - Educational Videos for Kids\Blippi's Superfast Excavator Digging Race  👷‍♂️ [rxqCPv3I0AI].f401.mp4
 [DRY RUN] Would fix: E:/Blippi/downloads\Blippi - Educational Videos for Kids\Blippi & Meekah Celebrate Friendship Day at the Playgound 🐩 [WtCiiUKtNc8].f399.mp4
 [DRY RUN] Would fix: E:/Blippi/downloads\Blippi - Educational Videos for Kids\Blippi and Nevaeh’s Firetruck Rescue! 🚒 [xTD2w5kYWaI].f399.mp4
 [DRY RUN] Would fix: E:/Blippi/downloads\Blippi - Educational Videos for Kids\🏆 Blippi vs 150 People Play The ULTIMATE Be Like Blippi Challenges 🏃‍♂️ [N-iRPfcdNt0].f399.mp4
 [DRY RUN] Would fix: E:/Blippi/downloads\Blippi - Educational Videos for Kids\🎃 Can Blippi & Meekah Complete the Spooky Halloween Challenge？ ｜ Silly Costume Surprises! [3eisiAsxBZA].f401.mp4
 [DRY RUN] Would fix: E:/Blippi/downloads\Blippi - Educational Videos for Kids\Blippi Flies From a Boat to the Sky 🪂 [5m624FFUNxw].f401.mp4
 [DRY RUN] Would fix: E:/Blippi/downloads\Blippi - Educational Videos for Kids\Blippi Plays Games and Makes Yummy Rice Dumplings in Singapore ! 🥟 [tUr6k7MW7g8].f401.mp4
 [DRY RUN] Would fix: E:/Blippi/downloads\Blippi - Educational Videos for Kids\🧟 Blippi & Meekah’s Halloween Challenge! 🎃 Can You Guess the Treats？ 🍬 [GXMdkyObwFk].f399.mp4
 [DRY RUN] Would fix: E:/Blippi/downloads\Blippi - Educational Videos for Kids\🐶 Blippi and Meekah Save the Dog! 🚒 Friendship Day Adventure [arZoQTQDNgs].f401.mp4
 [DRY RUN] Would fix: E:/Blippi/downloads\Blippi - Educational Videos for Kids\Trick Eye Museum Adventures with Blippi and Emma! 🖼️ [0k-IZOo7KAE].f399.mp4
 [DRY RUN] Would fix: E:/Blippi/downloads\Blippi - Educational Videos for Kids\Blippi & Meekah Celebrate Holidays Around the World! 🌍 [d-T4OJBq5c0].f399.mp4
 [DRY RUN] Would fix: E:/Blippi/downloads\Blippi - Educational Videos for Kids\🎃 What's in the Halloween Slime Cauldron, Blippi？？？ 🤔 Halloween Videos for Kids [8yYtIn8xduE].f401.mp4
 [DRY RUN] Would fix: E:/Blippi/downloads\Blippi - Educational Videos for Kids\1-2-3 Blippi's Guide to an EPIC FLIP🤸! #shorts #tricks [p4VXR-zvW-M].f399.mp4
 [DRY RUN] Would fix: E:/Blippi/downloads\Blippi - Educational Videos for Kids\❄️ Blippi & Meekah's Winter Holiday Treasure Hunt! 🎁 [QMo5T0__3UY].f399.mp4
 [DRY RUN] Would fix: E:/Blippi/downloads\Blippi - Educational Videos for Kids\🍎 Teacher Meekah and Kid Blippi Play the ULTIMATE Back to School Challenge! Are you Ready？ [KtKcr7XL0j0].f399.mp4
 [DRY RUN] Would fix: E:/Blippi/downloads\Blippi - Educational Videos for Kids\The Grinch & Blippi Save Christmas🎄 [cldNOHCDwMg].f401.mp4
 [DRY RUN] Would fix: E:/Blippi/downloads\Blippi - Educational Videos for Kids\Blippi’s Sci-Fi Galactic Odyssey Beyond the Moon and Into the Stars 🚀 [UR-pEZ7SbSc].f401.mp4
 [DRY RUN] Would fix: E:/Blippi/downloads\Blippi - Educational Videos for Kids\Blippi’s Christmas Fun & Holiday Craft Countdown ❄️🎄 [M7VwUbOuE0M].f399.mp4
 [DRY RUN] Would fix: E:/Blippi/downloads\Blippi - Educational Videos for Kids\Blippi and Meekah’s Sweet Valentine’s Day at Candyland! 🍭 [xhqaoYr19ZQ].f399.mp4
 [DRY RUN] Would fix: E:/Blippi/downloads\Blippi - Educational Videos for Kids\Blippi Learns Counting with a Fun Food Stacking Challenge 🍎🏗️ [kQTU3UUZAyg].f401.mp4
 [DRY RUN] Would fix: E:/Blippi/downloads\Blippi - Educational Videos for Kids\Can you do Jump Rope TRICKS! 💜💛 Meekah CAN! #shorts [cCRONkw289k].f399.mp4
 [DRY RUN] Would fix: E:/Blippi/downloads\Blippi - Educational Videos for Kids\Will Blippi Finish His Holiday Party Prep in Time？🎄 [djRzVVPOLo0].f399.mp4
 [DRY RUN] Would fix: E:/Blippi/downloads\Blippi - Educational Videos for Kids\Blippi Builds a Racecar and Learns to Never Give Up! 🏎️‪ @toysandcolors‬ [HfFCqovIHRA].f399.mp4
 [DRY RUN] Would fix: E:/Blippi/downloads\Blippi - Educational Videos for Kids\Can Blippi Make MONSTER Cupcakes 🧁👹 and Spooky Halloween Snacks？! [ThfByOIA-oI].f401.mp4
 [DRY RUN] Would fix: E:/Blippi/downloads\Blippi - Educational Videos for Kids\Choo Choo Inside a Train! #shorts #blippi [g3tvluCkeTM].f399.mp4
 [DRY RUN] Would fix: E:/Blippi/downloads\Blippi - Educational Videos for Kids\Blippi Plays with Toys and Learns at Discovery Cube 🛝 [d-XCslHny4c].f401.mp4
 [DRY RUN] Would fix: E:/Blippi/downloads\Blippi - Educational Videos for Kids\Elmo, Grover & Blippi Fight FIRES 🔥🚒 Can YOU Make the FIRE ENGINE 🚨 Siren Sound？! ｜ Sesame Street [TXy8k3sfbno].f399.mp4
 [DRY RUN] Would fix: E:/Blippi/downloads\Blippi - Educational Videos for Kids\Blippi Helps Santa Deliver Presents at the Zoo! [szjQyfPfNZM].f399.mp4
 [DRY RUN] Would fix: E:/Blippi/downloads\Blippi - Educational Videos for Kids\Can Blippi Climb to the Top of the Giant Rock？ - Blippi ｜ Educational Videos for Kids [bdSq4b6FqqU].f399.mp4
 [DRY RUN] Would fix: E:/Blippi/downloads\Blippi - Educational Videos for Kids\Blippi Plays Ice Golf and Goes Bumper Car Racing at Snow City ❄️ [1_PmEz5FcAg].f401.mp4
 [DRY RUN] Would fix: E:/Blippi/downloads\Blippi - Educational Videos for Kids\Blippi and Meekah Swing at Candyland Indoor Playground! Color Videos for Kids [tRNXBwe3d_I].f399.mp4
 [DRY RUN] Would fix: E:/Blippi/downloads\Blippi - Educational Videos for Kids\Blippi's Mailman Pretend Play! Job Stories for Kids! [sxWN8xaSh1E].f399.mp4
 [DRY RUN] Would fix: E:/Blippi/downloads\Blippi - Educational Videos for Kids\❄️ Blippi’s Winter Wonder-Crafts Adventure! [bWY-j6Af-4I].f401.mp4
 [DRY RUN] Would fix: E:/Blippi/downloads\Blippi - Educational Videos for Kids\Let's Play PEEKABOO in the Ball Pit! 🫣 Blippi Ultimate Roadtrip ｜ Kids Videos [Pf3fH6BBszw].f399.mp4
 [DRY RUN] Would fix: E:/Blippi/downloads\Blippi - Educational Videos for Kids\Blippi Visits a Chocolate Shop! ｜ Educational Videos for Kids [-lsUyDdLeHA].f399.mp4
 [DRY RUN] Would fix: E:/Blippi/downloads\Blippi - Educational Videos for Kids\Ms. Appleberry Slime Adventure ｜ Learn Through Play @TheMelonPatchLearningVideos [TksNC3F7Hak].f399.mp4
 [DRY RUN] Would fix: E:/Blippi/downloads\Blippi - Educational Videos for Kids\Curious Like Me 🎵 ｜ Blippi Music Video ｜ Be Like Blippi Week 🚗✨ [s9lsN2ojAec].f401.mp4
 [DRY RUN] Would fix: E:/Blippi/downloads\Blippi - Educational Videos for Kids\Blippi & Miles Music Kid Song Challenge! @milesmusickid ​ [F9LvTFER2ss].f399.mp4
 [DRY RUN] Would fix: E:/Blippi/downloads\Blippi - Educational Videos for Kids\Blippi Wants to Build a Snowman⛄ [_9crIIyQnsU].f401.mp4
 [DRY RUN] Would fix: E:/Blippi/downloads\Blippi - Educational Videos for Kids\Blippi vs 150 People in the Be Like Blippi Challenge! ｜ Blippi Ultimate Roadtrip ｜ Kids Videos [Y6IRvqaSWlM].f399.mp4
 [DRY RUN] Would fix: E:/Blippi/downloads\Blippi - Educational Videos for Kids\🎄 Can Blippi Help Santa Deliver Presents at the Zoo？ [KszjX8cshuk].f401.mp4
 [DRY RUN] Would fix: E:/Blippi/downloads\Blippi - Educational Videos for Kids\Blippi and Meekah's Valentine's Day at the Indoor Playground! Friendship Stories for Kids [AkkP6a1nhW0].f399.mp4
 [DRY RUN] Would fix: E:/Blippi/downloads\Blippi - Educational Videos for Kids\The Floor is Lava! Can You RUN Like Blippi？ 🦖🔥 Blippi Ultimate Roadtrip ｜ Kids Videos [uU99606QUqQ].f399.mp4
 [DRY RUN] Would fix: E:/Blippi/downloads\Blippi - Educational Videos for Kids\Red Light, Green Light & Big Slide Games with Blippi! [REeHCtriB6I].f399.mp4
 [DRY RUN] Would fix: E:/Blippi/downloads\Blippi - Educational Videos for Kids\Can Butterflies Inspire Blippi’s Rocket Ship？ ｜ Blippi ｜ Educational Videos for Kids [bsPFxd3E8No].f399.mp4
 [DRY RUN] Would fix: E:/Blippi/downloads\Blippi - Educational Videos for Kids\Can Blippi Fix the Giant Snowman？ [GMSEKcvg7IM].f399.mp4
 [DRY RUN] Would fix: E:/Blippi/downloads\Blippi - Educational Videos for Kids\Let's Play Red Light, Green Light! 🚦 🚗  Blippi Ultimate Roadtrip ｜ Kids Videos [nFDpNqZ0WBc].f399.mp4
 [DRY RUN] Would fix: E:/Blippi/downloads\Blippi - Educational Videos for Kids\Blippi Talks to Fish! #blippi #shorts [ooinw5pouz0].f399.mp4
 [DRY RUN] Would fix: E:/Blippi/downloads\Blippi - Educational Videos for Kids\Can Blippi and Nevaeh Save T.A.B.B.S in the Firetruck Challenge？! [hujmuWyJzbE].f401.mp4
 [DRY RUN] Would fix: E:/Blippi/downloads\Blippi - Educational Videos for Kids\Blippi’s Dino Dance 🦖 – Learn Colors & Dance Moves! 🎨 ｜ Educational Videos for Kids [LqgmcWGRgL4].f399.mp4
 [DRY RUN] Would fix: E:/Blippi/downloads\Blippi - Educational Videos for Kids\Sink or Float？ Let’s Find Out! ｜ Be Like Blippi ｜ Blippi Ultimate Roadtrip ｜ Videos for Kids [QT2B0HoDH5g].f401.mp4
 [DRY RUN] Would fix: E:/Blippi/downloads\Blippi - Educational Videos for Kids\Giant Slide Sink or Float Challenge!🛝 [py8MKSU8y6U].f399.mp4
 [DRY RUN] Would fix: E:/Blippi/downloads\Blippi - Educational Videos for Kids\Blippi Meets Police Heroes & Their K9 Dog! 🚓🐶 ｜ Educational Kids Video [71JtgKIWSAE].f401.mp4
 [DRY RUN] Would fix: E:/Blippi/downloads\Blippi - Educational Videos for Kids\I Spy with My Little Eye… Blippi plays at Jewel Changi! 👀 [rlwf0mvEHnU].f401.mp4
 [DRY RUN] Would fix: E:/Blippi/downloads\Blippi - Educational Videos for Kids\Blippi's Fun Fishing Challenge! Outdoor Adventures for Kids [6YIhcbU6Ufo].f137.mp4
 [DRY RUN] Would fix: E:/Blippi/downloads\Blippi - Educational Videos for Kids\Blippi Plays His New Curiosity Club App with Meekah & Roland [MQ-r2LkJ4F4].f399.mp4
 [DRY RUN] Would fix: E:/Blippi/downloads\Blippi - Educational Videos for Kids\Take me Out to the Ballgame! Classic Sports Nursery Rhymes For Kids [n3NNaMnsYyY].f137.mp4
 [DRY RUN] Would fix: E:/Blippi/downloads\Blippi - Educational Videos for Kids\Blippi Plays the ABC Unboxing Game with Jude! 📦🔠🍌 ｜ Smoothie & Learning Fun [z2m5fKJ3sf8].f399.mp4
 [DRY RUN] Would fix: E:/Blippi/downloads\Blippi - Educational Videos for Kids\Be Curious Like Blippi in the Discovery Cube! [C27ZqN8giKI].f401.mp4
 [DRY RUN] Would fix: E:/Blippi/downloads\Blippi - Educational Videos for Kids\Blippi and Emma’s Funny Photo Hunt at the Trick Eye Museum! 📸 [WJmI2OpL7wY].f401.mp4
 [DRY RUN] Would fix: E:/Blippi/downloads\Blippi - Educational Videos for Kids\Blippi Plays Floor is Lava and Finds Shapes! 🔥🔷 Can Layla and Myka Spot Them All？ [YTCSuAx1J38].f399.mp4
 [DRY RUN] Would fix: E:/Blippi/downloads\Blippi - Educational Videos for Kids\Blippi Makes Dino Rice with Chef Chris! 🦖 [A3yBWYvPMRY].f401.mp4
 [DRY RUN] Would fix: E:/Blippi/downloads\Blippi - Educational Videos for Kids\Blippi Learns What Police Dogs Do! 🐶🚓 [oPOnebOfy3A].f399.mp4
 [DRY RUN] Would fix: E:/Blippi/downloads\Blippi - Educational Videos for Kids\Blippi’s Wild Animal Friends! 🐼 From Pandas to Kangoroos! [-B4DobUhjX4].f401.mp4
 [DRY RUN] Would fix: E:/Blippi/downloads\Blippi - Educational Videos for Kids\Blippi Learns to Clean Cars! Educational Videos for Kids [C7lghlWPm3k].f399.mp4
 [DRY RUN] Would fix: E:/Blippi/downloads\Blippi - Educational Videos for Kids\Blippi and Everest on a Dinosaur Lizard Hunt!🦎 [uEtLOhk39PE].f401.mp4
 [DRY RUN] Would fix: E:/Blippi/downloads\Blippi - Educational Videos for Kids\Blippi’s Halloween Magic Gone Wrong! 🎃 [wMz6SQ2c65M].f399.mp4
 [DRY RUN] Would fix: E:/Blippi/downloads\Blippi - Educational Videos for Kids\Blippi Goes Full Speed at Fun Mountain Theme Park! Races, Bumps & Climbs! ｜ Videos for Kids [t0QQzYCccas].f399.mp4
 [DRY RUN] Would fix: E:/Blippi/downloads\Blippi - Educational Videos for Kids\🥦 Blippi & Jude’s Mystery Food Challenge! 😋 What’s in the Box？ [uaQLSpkNrpI].f401.mp4
 [DRY RUN] Would fix: E:/Blippi/downloads\Blippi - Educational Videos for Kids\I Love to Dance! 💃🎶 Blippi’s Job Show ｜ Songs & Learning Videos for Kids [r8mJMpxduwM].f399.mp4
 [DRY RUN] Would fix: E:/Blippi/downloads\Blippi - Educational Videos for Kids\We Explore Space! 🚀🎶 ｜ Blippi's Job Show ｜ An Adventure Among the Stars ｜ Music Videos for Kids [eqJJDM3CwWo].f401.mp4
 [DRY RUN] Would fix: E:/Blippi/downloads\Blippi - Educational Videos for Kids\Sing and Dance the 'Tick Tock Rock' Song with Blippi ｜ Educational Videos for Kids [WDR3sWZoT8Q].f137.mp4
 [DRY RUN] Would fix: E:/Blippi/downloads\Blippi - Educational Videos for Kids\Can Blippi Drive the MATH TRAIN🚂？ Solve the problems and go VROOM! #math #shorts [hQ9xuFmk108].f399.mp4
 [DRY RUN] Would fix: E:/Blippi/downloads\Blippi - Educational Videos for Kids\Do the Glow in the Dark Blippi Dance! ｜ BRAND NEW Blippi Educational Dance Song [SD7UMh1UZ28].f399.mp4
 [DRY RUN] Would fix: E:/Blippi/downloads\Blippi - Educational Videos for Kids\Blippi Explores a Go Kart ｜ Vehicle Videos For Kids ｜ Educational Videos For Kids [71YvBlVXZYI].f399.mp4
 [DRY RUN] Would fix: E:/Blippi/downloads\Blippi - Educational Videos for Kids\Blippi and Meekah's Rollercoaster Adventures! Theme Park Stories for Kids [NGZ3ariqeek].f399.mp4
 [DRY RUN] Would fix: E:/Blippi/downloads\Blippi - Educational Videos for Kids\Blippi and Meekah Wiggle down the Rainbow Slide! Blippi Educational Songs for Kids [DJel3hgyO_4].f399.mp4
 [DRY RUN] Would fix: E:/Blippi/downloads\Blippi - Educational Videos for Kids\Twinkle Twinkle Little Star ｜ Nursery Rhymes for the Family [vSgpsFpOr5I].f399.mp4
 [DRY RUN] Would fix: E:/Blippi/downloads\Blippi - Educational Videos for Kids\Blippi Learns to Play Baseball with the Phillies! Sports for Kids! [abnQLWksVLs].f399.mp4
 [DRY RUN] Would fix: E:/Blippi/downloads\Blippi - Educational Videos for Kids\Team Blippi vs Team Meekah Race to the Finish! Blippi Game Show ｜ Episode 2 [J0joZD1pyAc].f399.mp4
 [DRY RUN] Would fix: E:/Blippi/downloads\Blippi - Educational Videos for Kids\Blippi Learns and Plays at NASA! Space Videos for Kids ｜ 1 Hour Special [FsNGWIBIlG0].f399.mp4
 [DRY RUN] Would fix: E:/Blippi/downloads\Blippi - Educational Videos for Kids\Blippi Learns to Jump and Sing at the Indoor Play Place! Educational Videos for Kids [MYxcbn_8Fw8].f399.mp4
 [DRY RUN] Would fix: E:/Blippi/downloads\Blippi - Educational Videos for Kids\Blippi's Colorful Slime Science Experiments with Emily Calandrelli! Educational Videos for Kids [y5ecr7kYMX8].f399.mp4
 [DRY RUN] Would fix: E:/Blippi/downloads\Blippi - Educational Videos for Kids\Play with Blippi and Shawn Johnson at the Indoor Playground! Healthy Habits for Kids [E5CkJO3emKI].f399.mp4
 [DRY RUN] Would fix: E:/Blippi/downloads\Blippi - Educational Videos for Kids\Blippi and Meekah's Game Show Song ｜ BRAND NEW BLIPPI and Meekah Playtime Song for the Family [C77OlOGip4Q].f399.mp4
 [DRY RUN] Would fix: E:/Blippi/downloads\Blippi - Educational Videos for Kids\Blippi and Meekah Sing about Jungle Animals and More! Blippi Educational Songs for Kids [uO3Vyuwf7zM].f399.mp4
 [DRY RUN] Would fix: E:/Blippi/downloads\Blippi - Educational Videos for Kids\Blippi Learns about Colors and Glass Blowing! Arts and Crafts for Kids [K8eiRrIdd1M].f399.mp4
 [DRY RUN] Would fix: E:/Blippi/downloads\Blippi - Educational Videos for Kids\Blippi's Game Show - Challenge of The Twins ｜ Episode 1 ｜ Videos For Kids & Families [1uUVRs-Y9yo].f399.mp4
 [DRY RUN] Would fix: E:/Blippi/downloads\Blippi - Educational Videos for Kids\Blippi's Fun Playtime at the Indoor Playground! Learn and Explore with Shawn Johnson! [VileHcPxw60].f399.mp4
 [DRY RUN] Would fix: E:/Blippi/downloads\Blippi - Educational Videos for Kids\Blippi and Meekah's Go to the Dino Dance Movie! Music Videos for Kids [A1NjbRifrp8].f399.mp4
 [DRY RUN] Would fix: E:/Blippi/downloads\Blippi - Educational Videos for Kids\Blippi Plays Outside with Excavators! Learn About Construction Vehicles for Kids [INi8Rv4oe-E].f399.mp4
 [DRY RUN] Would fix: E:/Blippi/downloads\Blippi - Educational Videos for Kids\Emergency Vehicle Song ｜ BRAND NEW BLIPPI Firetruck Song for the Family [ml9BqJTqG9k].f399.mp4
 [DRY RUN] Would fix: E:/Blippi/downloads\Blippi - Educational Videos for Kids\Blippi Visits an Excavator Theme Park! Construction Vehicle Videos for Kids [S6zNUNjN2ho].f399.mp4
 [DRY RUN] Would fix: E:/Blippi/downloads\Blippi - Educational Videos for Kids\Blippi Visits a Baseball Stadium with the Phillies! Baseball Videos for Kids [CPsfOlNQS-E].f399.mp4
 [DRY RUN] Would fix: E:/Blippi/downloads\Blippi - Educational Videos for Kids\Blippi Cheers on Women's World Cup Soccer Players! Educational Videos for Kids [u4wipZcfEW4].f399.mp4
 [DRY RUN] Would fix: E:/Blippi/downloads\Blippi - Educational Videos for Kids\Blippi Visits the San Diego Zoo! 1 Hour of Animal Videos for Kids [A5b9ld3Yhgs].f399.mp4
 [DRY RUN] Would fix: E:/Blippi/downloads\Blippi - Educational Videos for Kids\Blippi's Visits Kidsville Indoor Playground! 2 Hours of Blippi Episodes for Kids [v14SJKrfcws].f399.mp4
 [DRY RUN] Would fix: E:/Blippi/downloads\Blippi - Educational Videos for Kids\Row Row Row Your Boat Song ｜ BRAND NEW BLIPPI Learning Vehicle Songs for the Family [QeJVzFoM2aM].f137.mp4
 [DRY RUN] Would fix: E:/Blippi/downloads\Blippi - Educational Videos for Kids\Blippi Learns Shapes at Ball N Bounce Indoor Playground! Educational Videos for Kids [_f-v_4fMFN0].f399.mp4
 [DRY RUN] Would fix: E:/Blippi/downloads\Blippi - Educational Videos for Kids\Ms Rachel and Blippi! Wheels on the Bus, Vehicles and MORE! Full Episodes for Kids [uyu7BzL-uqk].f399.mp4
 [DRY RUN] Would fix: E:/Blippi/downloads\Blippi - Educational Videos for Kids\Blippi Learns to Swim Safely! 1 Hour of Summer Stories for Kids [BIn1pI1XTVI].f399.mp4
 [DRY RUN] Would fix: E:/Blippi/downloads\Blippi - Educational Videos for Kids\Ms Rachel and Blippi Learn Sounds, Vehicles and Colors at the Museum! Educational Videos for Kids [8yp_YG0n36c].f399.mp4
 [DRY RUN] Would fix: E:/Blippi/downloads\Blippi - Educational Videos for Kids\Learn Colors with Blippi at the Soccer Stadium! Educational Videos for Kids [2jMvKrPlmUs].f399.mp4
 [DRY RUN] Would fix: E:/Blippi/downloads\Blippi - Educational Videos for Kids\Learning Shapes and Colors with Blippi at Kidsville Indoor Playground! Educational Videos for Kids [obhvkriVdsY].f399.mp4
 [DRY RUN] Would fix: E:/Blippi/downloads\Blippi - Educational Videos for Kids\Blippi Makes Rainbow Ice Cream with Fruit! Learn Colors for Kids [x16EfXt50OY].f399.mp4
 [DRY RUN] Would fix: E:/Blippi/downloads\Blippi - Educational Videos for Kids\Blippi Learns Pool Safety Rules! Educational Summer Videos for Kids [rvlUv8J-cSQ].f399.mp4
 [DRY RUN] Would fix: E:/Blippi/downloads\Blippi - Educational Videos for Kids\Blippi Learns to Surf at a Water Park! Summer Videos for Kids [KJ-CH5g9z-E].f399.mp4
 [DRY RUN] Would fix: E:/Blippi/downloads\Blippi - Educational Videos for Kids\Blippi Plays Soccer at the Liverpool Football Club! Sports Videos for Kids [qCmmNcsDrp8].f399.mp4
 [DRY RUN] Would fix: E:/Blippi/downloads\Blippi - Educational Videos for Kids\Blippi and Meekah's DIY Kinderland Indoor Playground! Educational Videos for Kids [lw1p7QUAWEU].f399.mp4
 [DRY RUN] Would fix: E:/Blippi/downloads\Blippi - Educational Videos for Kids\Blippi Makes Ice Cream! Educational Videos for Kids [SU1cuRRMzx4].f399.mp4
 [DRY RUN] Would fix: E:/Blippi/downloads\Blippi - Educational Videos for Kids\Blippi Visits Waterfalls in Hawaii! Educational Videos for Kids [34zCnTBfaPE].f399.mp4
 [DRY RUN] Would fix: E:/Blippi/downloads\Blippi - Educational Videos for Kids\MYSTERY FOOD CHALLENGE？! #tastetest #blippi #shorts [ulp11aqKahI].f399.mp4
 [DRY RUN] Would fix: E:/Blippi/downloads\Blippi - Educational Videos for Kids\Blippi's T-Rex Dinosaur Song! Blippi Educational Science Songs for Kids [fUqtMWc5tMY].f399.mp4
 [DRY RUN] Would fix: E:/Blippi/downloads\Blippi - Educational Videos for Kids\Blippi Visits a Giant Water Park! Summer Videos for Kids [hLAuJ6W7hDs].f399.mp4
 [DRY RUN] Would fix: E:/Blippi/downloads\Blippi - Educational Videos for Kids\Blippi Drives an Excavator! #shorts #blippi [kEkBQwvzgko].f398.mp4
 [DRY RUN] Would fix: E:/Blippi/downloads\Blippi - Educational Videos for Kids\Blippi's Science Slime Challenge! 1 Hour of Blippi Episodes for Kids [V2qgt355-fM].f137.mp4
 [DRY RUN] Would fix: E:/Blippi/downloads\Blippi - Educational Videos for Kids\Blippi and Meekah Build an Indoor Playground Fort! Color Stories for Kids [TqrrkcZ8tgU].f399.mp4
 [DRY RUN] Would fix: E:/Blippi/downloads\Blippi - Educational Videos for Kids\Blippi Visits the NASA Indoor Playground! Educational Videos for Kids [AlfFtA5aG9M].f399.mp4
 [DRY RUN] Would fix: E:/Blippi/downloads\Blippi - Educational Videos for Kids\Blippi Learns About Scuba Diving! ｜ Blippi Sink or Float ｜ Educational Videos for Kids [C_F-7sAGs5I].f399.mp4
 [DRY RUN] Would fix: E:/Blippi/downloads\Blippi - Educational Videos for Kids\Blippi Learns About Nocturnal Animals! ｜ Blippi Wonders - Animated Series ｜ Cartoons For Kids [AMt-3-qi_EY].f399.mp4
 [DRY RUN] Would fix: E:/Blippi/downloads\Blippi - Educational Videos for Kids\Blippi Visits a Baseball Stadium! ｜ Sports for Kids ｜ Educational Videos for Kids [3BqptJoy0PM].f399.mp4
 [DRY RUN] Would fix: E:/Blippi/downloads\Blippi - Educational Videos for Kids\Blippi Explores Hawaii In A Helicopter! ｜ Educational Videos for Kids [6922ihuJ0Wk].f399.mp4
 [DRY RUN] Would fix: E:/Blippi/downloads\Blippi - Educational Videos for Kids\Blippi Wonders - Halloween Haunted House! ｜ Blippi Animated Series ｜ Halloween For Kids [cx0AqEjdCnI].f399.mp4
 [DRY RUN] Would fix: E:/Blippi/downloads\Blippi - Educational Videos for Kids\Blippi and Meekah Learn to Dance at Creation Station Studio City! ｜ Educational Videos For Kids [EAtWFyzPnpI].f399.mp4
 [DRY RUN] Would fix: E:/Blippi/downloads\Blippi - Educational Videos for Kids\Blippi Paints an Excavator🚜! Fun Art for Kids👨‍🎨! #shorts [OGvebtveiQ8].f399.mp4
 [DRY RUN] Would fix: E:/Blippi/downloads\Blippi - Educational Videos for Kids\Blippi and Meekah Ride Roller Coasters At A Theme Park! ｜ Educational Videos for Kids [rTwc8p_gd58].f399.mp4
 [DRY RUN] Would fix: E:/Blippi/downloads\Blippi - Educational Videos for Kids\Blippi Wiggle - Blippi Music Video! ｜ Educational Videos for Kids [Tva3Nx98VZ0].f399.mp4
 [DRY RUN] Would fix: E:/Blippi/downloads\Blippi - Educational Videos for Kids\Blippi's Tractor 🚜 is STUCK IN THE MUD？! Which Vehicle can help it ESCAPE🚨？! #shorts [ZffK_OlkW_A].f399.mp4
 [DRY RUN] Would fix: E:/Blippi/downloads\Blippi - Educational Videos for Kids\3-2-1 WHICH Marble Do YOU think can WIN THE RACE🔵🏁？! #shorts [uQs7Gd-eFx0].f399.mp4
 [DRY RUN] Would fix: E:/Blippi/downloads\Blippi - Educational Videos for Kids\Can you COUNT all the BALLS🎾🎾🎾？! 12345678! Let's Goooooo! #shorts [VhKsDZR7X7M].f399.mp4
 [DRY RUN] Would fix: E:/Blippi/downloads\Blippi - Educational Videos for Kids\Can this Slime Change into ALL OF THE COLORS in 30 seconds🌈？! Blippi's Magic Slime! #shorts [wbTEZpL1KV8].f399.mp4
 [DRY RUN] Would fix: E:/Blippi/downloads\Blippi - Educational Videos for Kids\Don't Touch the Ground Blippi🔥! HURRY! #shorts [0gqaA88OCPs].f399.mp4
 [DRY RUN] Would fix: E:/Blippi/downloads\Blippi - Educational Videos for Kids\Please Rescue the DINOSAUR🦖! Blippi's Heroic Jump! #shorts [W8C_V4GD45Q].f399.mp4
 [DRY RUN] Would fix: E:/Blippi/downloads\Blippi - Educational Videos for Kids\What Is The BEST Blippi Song？! 🎵🤔 ｜ #shorts [5_hvh-sRDY0].f399.mp4
 [DRY RUN] Would fix: E:/Blippi/downloads\Blippi - Educational Videos for Kids\🦖 Blippi BUILDS a Dinosaur out of BONES🦴？! #shorts [V8WQyDkOLOU].f399.mp4
 [DRY RUN] Would fix: E:/Blippi/downloads\Blippi - Educational Videos for Kids\Blippi, did that Fire Truck just SNEEZE🤧 🚒？! Help the Sick Toy! #shorts [CMzqKI46vTc].f399.mp4
 [DRY RUN] Would fix: E:/Blippi/downloads\Blippi - Educational Videos for Kids\Will CHRISTMAS 🎁 Presents Sink or Float!？ Ho ho ho let's find out! #shorts #blippi [xzdWmTED21Q].f399.mp4
 [DRY RUN] Would fix: E:/Blippi/downloads\Blippi - Educational Videos for Kids\The Grinch Popped BLIPPI's Balloons🎈？! #shorts [oJZnOSsmnro].f399.mp4
 [DRY RUN] Would fix: E:/Blippi/downloads\Blippi - Educational Videos for Kids\⛄Are these Snowmen ANGRY 😡 or HAPPY 😁 ？! Match the colors! #shorts [p385FbtiKDA].f399.mp4
 [DRY RUN] Would fix: E:/Blippi/downloads\Blippi - Educational Videos for Kids\✂️ DIY a Lil Blippi Out of STAPLES？! Art Step by Step for Kids! #shorts [m_XJLgXbwe8].f399.mp4
 [DRY RUN] Would fix: E:/Blippi/downloads\Blippi - Educational Videos for Kids\I could eat a WHOLE HOUSE😋! Easy 🍬 Gingerbread DIY! #shorts [-o0-XtFUNRM].f399.mp4
 [DRY RUN] Would fix: E:/Blippi/downloads\Blippi - Educational Videos for Kids\Blippi Interviews a BABY👶🧡!？! (and a mom) #shorts [OfJ8uyGmojU].f399.mp4
 [DRY RUN] Would fix: E:/Blippi/downloads\Blippi - Educational Videos for Kids\SURPRISE🎈! It's a BLIPPI Birthday 🎂 for his Best Friend Juan🥳! #happybirthday #shorts [ItR06e7uoNM].f399.mp4
 [DRY RUN] Would fix: E:/Blippi/downloads\Blippi - Educational Videos for Kids\POP the Balloon 🎈 and play DINO Sink or Float! #shorts [kIhFRZCZSk4].f399.mp4
 [DRY RUN] Would fix: E:/Blippi/downloads\Blippi - Educational Videos for Kids\🥕🍅 Rainbow VEGGIE Stacking Challenge! BLIPPI vs. CHEF CHRIS! #shorts [vnhqiddJsOw].f399.mp4
 [DRY RUN] Would fix: E:/Blippi/downloads\Blippi - Educational Videos for Kids\Cozy Campfire S'mores with Stuffies🧸! YUMMY! #shorts [kaUCQVF73U8].f399.mp4
 [DRY RUN] Would fix: E:/Blippi/downloads\Blippi - Educational Videos for Kids\Would you go into a 👻 HAUNTED HOUSE for 🍬 Candy？! #shorts [PMTNv3Mvb4Q].f399.mp4
 [DRY RUN] Would fix: E:/Blippi/downloads\Blippi - Educational Videos for Kids\Blippi's Ice Cream🍦 is hiding in the BALLOONS？! Pop them to find it! #shorts [G6KHLKsV2dM].f399.mp4
 [DRY RUN] Would fix: E:/Blippi/downloads\Blippi - Educational Videos for Kids\How to Make a WATERMELON 🍉👻 Monster in under 30 SECONDS! #shorts [q0psTeekPms].f399.mp4
 [DRY RUN] Would fix: E:/Blippi/downloads\Blippi - Educational Videos for Kids\We Tried the Color Ball Slide Game 🔵🟡🔴! Which Color WINS! #shorts [7chevzOPti0].f399.mp4
 [DRY RUN] Would fix: E:/Blippi/downloads\Blippi - Educational Videos for Kids\😮 Did your Mom turn into BLIPPI!？ #belikeblippi #shorts [JNb2NizF9MM].f399.mp4
 [DRY RUN] Would fix: E:/Blippi/downloads\Blippi - Educational Videos for Kids\AHH🎃 IT'S ALMOST HALLOWEEN! ⏰ Blippi Starts a Countdown! #shorts [oRepKiA4GpY].f399.mp4
 [DRY RUN] Would fix: E:/Blippi/downloads\Blippi - Educational Videos for Kids\🫨WOW! Meekah and Blippi Build the TALLEST Rainbow Block Tower 🟦🟨🟧 EVER! #shorts [CJ9IzM4rptI].f399.mp4
 [DRY RUN] Would fix: E:/Blippi/downloads\Blippi - Educational Videos for Kids\Choo + Choo = THE MATH TRAIN! 🚂 🔢 All Aboard Blippi's Learning Train! #shorts [X2pn24UreCk].f399.mp4
 [DRY RUN] Would fix: E:/Blippi/downloads\Blippi - Educational Videos for Kids\If the Floor is Lava🔥, Will the Halloween Candy MELT😱？! #shorts [fMuP5wfVUWE].f399.mp4
 [DRY RUN] Would fix: E:/Blippi/downloads\Blippi - Educational Videos for Kids\💕Make your own Best Friends 🙌 HANDSHAKE! Let's Go Blippi and Meekah! #shorts [ryGvbpsv_UE].f399.mp4
 [DRY RUN] Would fix: E:/Blippi/downloads\Blippi - Educational Videos for Kids\Oh NO! Help the ☹️ Sad Excavator Be Like a Happy Blippi 😊! #shorts #blippi [I6ylMI6fuwo].f399.mp4
 [DRY RUN] Would fix: E:/Blippi/downloads\Blippi - Educational Videos for Kids\Blippi？ Meekah？! ✏️ It's time to take Attendance at School📚! Where's Blippi？ #shorts [1r_xl2U94gs].f399.mp4
 [DRY RUN] Would fix: E:/Blippi/downloads\Blippi - Educational Videos for Kids\321! Put all the TOYS away 😱 before the Timer RUNS OUT⏰! #shorts #cleanup [aQcc1Wji5M8].f399.mp4
 [DRY RUN] Would fix: E:/Blippi/downloads\Blippi - Educational Videos for Kids\Which Toy Car 🏎️ will SINK or FLOAT💦？! GO down the water slide! #shorts [7XQSe-L2MpU].f399.mp4
 [DRY RUN] Would fix: E:/Blippi/downloads\Blippi - Educational Videos for Kids\Who is that？ Meekah Craft for Kids! 🎨💜｜ Easy Art Project #shorts #blippi #diyforkids [I3DSWN9h40Q].f399.mp4
 [DRY RUN] Would fix: E:/Blippi/downloads\Blippi - Educational Videos for Kids\Grab your 🧡Orange Glasses🤓! Be Curious Like BLIPPI! #shorts [dOwGiPNONVs].f399.mp4
 [DRY RUN] Would fix: E:/Blippi/downloads\Blippi - Educational Videos for Kids\Teach me ANIMAL FACTS 🦈Blippi! Guess the Emoji! #animals #shorts [-JCjidaZ5G4].f399.mp4
 [DRY RUN] Would fix: E:/Blippi/downloads\Blippi - Educational Videos for Kids\Who's going down the RAINBOW slide？ #shorts [INDbWk1lDaQ].f399.mp4
 [DRY RUN] Would fix: E:/Blippi/downloads\Blippi - Educational Videos for Kids\Put on your ☀️SUNSCREEN for Sink or Float at the POOL💦! #shorts [pyCEopaaii4].f399.mp4
 [DRY RUN] Would fix: E:/Blippi/downloads\Blippi - Educational Videos for Kids\The Floor is Lava Blippi🔥! You need to Jump on the BLOCKS 🟦🟧 to ESCAPE! #shorts [8AulOm-6pfc].f399.mp4
 [DRY RUN] Would fix: E:/Blippi/downloads\Blippi - Educational Videos for Kids\Learn to Count with ICE CREAM 🌈🍦! Education for Kids! [AUG7sXnJ_JE].f399.mp4
 [DRY RUN] Would fix: E:/Blippi/downloads\Blippi - Educational Videos for Kids\Funny Shape Hiding Trick😀! Can you beat Blippi？ #shorts [gmkcPS0E78o].f399.mp4
 [DRY RUN] Would fix: E:/Blippi/downloads\Blippi - Educational Videos for Kids\Easy Paper Trick for 🪱 Worm Races! DIY for Kids! #shorts [TelPieHnDeA].f399.mp4
 [DRY RUN] Would fix: E:/Blippi/downloads\Blippi - Educational Videos for Kids\DIY Summer Snow❄️☀️! Blippi's Snowy Vehicle Games! #shorts [HCGesZp-F0E].f399.mp4
 [DRY RUN] Would fix: E:/Blippi/downloads\Blippi - Educational Videos for Kids\The T-Rex 🦖FELL IN THE BALL PIT🔴🔵🟡! Blippi Helicopter Rescue Mission🚁! #shorts [-dXlV4t3jn8].f399.mp4
 [DRY RUN] Would fix: E:/Blippi/downloads\Blippi - Educational Videos for Kids\HOW FAST CAN A MARBLE 🟣🟢💨💨GO？! #blippi #shorts [HKEAgr0ilac].f399.mp4
 [DRY RUN] Would fix: E:/Blippi/downloads\Blippi - Educational Videos for Kids\Can you dig up all the DINO BONES？! 🦖🦴 Digging Challenge! #shorts [bYatrI9Z84Y].f399.mp4
 [DRY RUN] Would fix: E:/Blippi/downloads\Blippi - Educational Videos for Kids\What does that SLIME FEEL LIKE🤢？! Soft？ Sticky？ SLIMEY!？ #shorts [TA0ME3P8bQA].f399.mp4
 [DRY RUN] Would fix: E:/Blippi/downloads\Blippi - Educational Videos for Kids\What's Hiding in the Ball Pit🟣🟢🟠？! Find the Toys Blippi! #shorts [NJyfwEFUY34].f399.mp4
 [DRY RUN] Would fix: E:/Blippi/downloads\Blippi - Educational Videos for Kids\Who's that DINOSAUR🦖？! Play-Doh Surprise Egg 🥚 Hatching! #shorts [bwrA0akgIJE].f399.mp4
 [DRY RUN] Would fix: E:/Blippi/downloads\Blippi - Educational Videos for Kids\🍉 How to make a WATERMELON 🦕 DINOSAUR🍌! Easy Summer ☀️ Snacks! #shorts [yWBQf0wSi5o].f399.mp4
 [DRY RUN] Would fix: E:/Blippi/downloads\Blippi - Educational Videos for Kids\🟢🔴🔵Find the EXCAVATOR in the BALL PIT🤹! Toy Challenge! #shorts #blippi [O896zrtjCLc].f399.mp4
 [DRY RUN] Would fix: E:/Blippi/downloads\Blippi - Educational Videos for Kids\🎈🎈Count how many BALLOONS🎈🎈 Blippi can juggle？! Epic Balloon Challenge! #shorts [y0-v768D304].f399.mp4
 [DRY RUN] Would fix: E:/Blippi/downloads\Blippi - Educational Videos for Kids\Amazing 🦖Magnetic TRICK🧲？! Test Toys with Magnets! #shorts [yUdxP6m3VMc].f399.mp4
 [DRY RUN] Would fix: E:/Blippi/downloads\Blippi - Educational Videos for Kids\Blippi's Apple Slice 🍎 Car VS the 🍌 Banana Racer! Snack Time! #shorts [jZxYOLYXYn0].f399.mp4
 [DRY RUN] Would fix: E:/Blippi/downloads\Blippi - Educational Videos for Kids\I think this Train is sick...Help the Train find it's CHOO CHOO Sound! #Shorts [tyZCVeQlk00].f399.mp4
 [DRY RUN] Would fix: E:/Blippi/downloads\Blippi - Educational Videos for Kids\Can this toy car 🏎️ JUMP the LAVA 🔥 race track？! Blippi's Toy Challenge! #shorts [od9tDA0MZy8].f399.mp4
 [DRY RUN] Would fix: E:/Blippi/downloads\Blippi - Educational Videos for Kids\Silly SPIDER 🕷️ Sink or Float Challenge! 👻 Spooky Science Experiments! #blippi #shorts [U8e_wmXAiYc].f399.mp4
 [DRY RUN] Would fix: E:/Blippi/downloads\Blippi - Educational Videos for Kids\Blippi and Meekah Ride a WILD Rollercoaster 🎢 at DISNEY WORLD! #blippi #shorts [dJX-XIcgoyA].f399.mp4
 [DRY RUN] Would fix: E:/Blippi/downloads\Blippi - Educational Videos for Kids\Let's Build a Sandcastle 🏖️😎with Excavator TOYS! Blippi Beach Day! #shorts [jEsjAWWKOVM].f399.mp4
 [DRY RUN] Would fix: E:/Blippi/downloads\Blippi - Educational Videos for Kids\Where is BLIPPI HIDING in Roblox😱？! Hide and Seek CHALLENGE! #shorts #blippi [C4Ad-6yb-vw].f399.mp4
 [DRY RUN] Would fix: E:/Blippi/downloads\Blippi - Educational Videos for Kids\Make a Kinetic Sand Shape ❤️ with your BODY🤸‍♂️! Move it Challenge! #blippi [iX5UL3fKhQU].f248.webm
 [DRY RUN] Would fix: E:/Blippi/downloads\Blippi - Educational Videos for Kids\Farmer Blippi 🚜 Meets Animal Stuffies! Let's Pretend Play with Toys! #shorts [EgYxu4Mdcg0].f399.mp4
 [DRY RUN] Would fix: E:/Blippi/downloads\Blippi - Educational Videos for Kids\123 Count the Candy 🦖 DINO EGGS 🥚 BLIPPI! Easy Science Crafts for Kids! #shorts [qXKhCRKU20Q].f399.mp4
 [DRY RUN] Would fix: E:/Blippi/downloads\Blippi - Educational Videos for Kids\Get your Guitar 🎸 Blippi! We're playing your THEME SONG! #blippi #shorts [LNBh-HBfbgU].f399.mp4
 [DRY RUN] Would fix: E:/Blippi/downloads\Blippi - Educational Videos for Kids\I can't remember where the DINOSAURS🦖 are Blippi! Fun Memory Game for Kids! #shorts [8tVxcuqQPx4].f399.mp4
 [DRY RUN] Would fix: E:/Blippi/downloads\Blippi - Educational Videos for Kids\Blippi's ULTIMATE 🔴🔵🟡 Playground Playdate! Jump in the Ball Pit! #blippi #shorts [V3oauTq_544].f399.mp4
 [DRY RUN] Would fix: E:/Blippi/downloads\Blippi - Educational Videos for Kids\Blippi Races Through a Giant Hamster Maze Challenge! 🐹 [1oimY2ET1Tg].f401.mp4
 [DRY RUN] Would fix: E:/Blippi/downloads\Blippi - Educational Videos for Kids\Pop the Balloon 🎈⏰! Color Balloon Challenge! #blippi #shorts [ChRLnEl9E0A].f399.mp4
 [DRY RUN] Would fix: E:/Blippi/downloads\Blippi - Educational Videos for Kids\HOW Many Ball Pit Balls 🔵🟠🟢 can Blippi COUNT？! 1-2-3 Learn with Me! #blippi #shorts [9TuiKnxeuLU].f399.mp4
 [DRY RUN] Would fix: E:/Blippi/downloads\Blippi - Educational Videos for Kids\Water Balloon 🎈inside a DINO Egg 🥚Prank! Construction Challenge with Meekah! #shorts [g6gR-JLp3Ks].f399.mp4
 [DRY RUN] Would fix: E:/Blippi/downloads\Blippi - Educational Videos for Kids\Why is the School Bus 🚌 SO Happy？! Blippi Helps Vehicles! #blippi #shorts [u3Cv3qE8zP0].f399.mp4
 [DRY RUN] Would fix: E:/Blippi/downloads\Blippi - Educational Videos for Kids\Blippi's 🍭 Excavator Candy 🍬 RESCUE Mission! Help Find the Missing Toy! #blippi #shorts [e3zXMAZS_O4].f399.mp4
 [DRY RUN] Would fix: E:/Blippi/downloads\Blippi - Educational Videos for Kids\How does Animation Work ✍️💫!？! DIY Blippi Wonders Cartoon! #blippi #shorts [PvR2ubYXgrE].f399.mp4
 [DRY RUN] Would fix: E:/Blippi/downloads\Blippi - Educational Videos for Kids\Crunchy VS Squishy 🥕 🍓 FOOD TASTE TEST! Blippi Learns His Senses! #food #shorts [FfioPqgwaEk].f399.mp4
 [DRY RUN] Would fix: E:/Blippi/downloads\Blippi - Educational Videos for Kids\Blippi needs to JUMP to HATCH the Dino Egg🥚🦖! Aww Baby Dinosaurs! #shorts [hU_04xmo4AQ].f399.mp4
 [DRY RUN] Would fix: E:/Blippi/downloads\Blippi - Educational Videos for Kids\Blippi Plays Guitar🎸! Let's GO GO GO with YELLOWCARD! #shorts [sqVp6OA2yFs].f399.mp4
 [DRY RUN] Would fix: E:/Blippi/downloads\Blippi - Educational Videos for Kids\DIY a ROCKET🚀 in under 1 MINUTE⏰？! Hurry Blippi! #blippi #shorts [JEAMZ8_bpFY].f399.mp4
 [DRY RUN] Would fix: E:/Blippi/downloads\Blippi - Educational Videos for Kids\😅Can Blippi Learn a Touchdown Dance 🏈 in time for the SUPER BOWL？! #griddy #shorts [en-D22ClxK0].f399.mp4
 [DRY RUN] Would fix: E:/Blippi/downloads\Blippi - Educational Videos for Kids\👀 Can Blippi Find Mickey Mouse at Disney World✨？ Park challenge! #blippi #shorts [fKgKyI1rq8Q].f399.mp4
 [DRY RUN] Would fix: E:/Blippi/downloads\Blippi - Educational Videos for Kids\It's a GIANT Fizzy Volcano🌋？! Easy DIY Science at HOME! #shorts [yhDH1K2JqJE].f399.mp4
 [DRY RUN] Would fix: E:/Blippi/downloads\Blippi - Educational Videos for Kids\Chef BLIPPI makes a PIZZA🍕! Yummy Snack Time! #blippi #shorts [7BelB0MgaIg].f399.mp4
 [DRY RUN] Would fix: E:/Blippi/downloads\Blippi - Educational Videos for Kids\🧸 Bears on a TRAMPOLINE😱!？ 3-2-1 Jump Together! #shorts [zujsJ4sEkgQ].f399.mp4
 [DRY RUN] Would fix: E:/Blippi/downloads\Blippi - Educational Videos for Kids\That's a GIANT Magnet Blippi🧲! What will it stick to？! #magnet #shorts [93TR7yD6Kqg].f399.mp4
 [DRY RUN] Would fix: E:/Blippi/downloads\Blippi - Educational Videos for Kids\Yummy!🤭 Eat Blippi's Face for Breakfast🤪! Cereal Art Prank! #shorts [Z48iCsJ-hJ0].f399.mp4
 [DRY RUN] Would fix: E:/Blippi/downloads\Blippi - Educational Videos for Kids\HELP Blippi 🦖the Dino's House is on FIRE🔥🔥🔥! Toy Rescue Pretend Play! #blippi #shorts [sHYXy8Kzze0].f399.mp4
 [DRY RUN] Would fix: E:/Blippi/downloads\Blippi - Educational Videos for Kids\Don't be ANGRY 😡 on the Playground Blippi! Learn Emotions😆! #shorts [ETX_GnlZQaI].f399.mp4
 [DRY RUN] Would fix: E:/Blippi/downloads\Blippi - Educational Videos for Kids\Let's add some STRAWBERRIES 🍓 to an Ice Cream🍦 SUNDAE! Easy ☀️ Summer Snacks! #shorts [IxLPUm-3Oco].f399.mp4
 [DRY RUN] Would fix: E:/Blippi/downloads\Blippi - Educational Videos for Kids\Is that a Blippi Christmas Puzzle!？! Sing along and GUESS the reveal! #shorts [K8wybEfZsPA].f399.mp4
 [DRY RUN] Would fix: E:/Blippi/downloads\Blippi - Educational Videos for Kids\Baa Baa🐑! Farmer Blippi 👨‍🌾 has a Cute FLUFFY Sheep! #blippi #shorts [dkDqEWdCxUM].f399.mp4
 [DRY RUN] Would fix: E:/Blippi/downloads\Blippi - Educational Videos for Kids\⁉️Blippi WHAT will you DIG up with your Excavator？! #shorts [-739GtTYI0k].f399.mp4
 [DRY RUN] Would fix: E:/Blippi/downloads\Blippi - Educational Videos for Kids\Choo choo! Travelling on the TRAIN  🚂 #blippi #singalong #song [ynzYiGzEjIA].f399.mp4
 [DRY RUN] Would fix: E:/Blippi/downloads\Blippi - Educational Videos for Kids\Can Blippi and Meekah DRIVE REAL MONSTER TRUCKS？! #blippi #shorts [PP8FQLnMoyI].f399.mp4
 [DRY RUN] Would fix: E:/Blippi/downloads\Blippi - Educational Videos for Kids\WAIT Blippi is a little kid AND an animal？! #shorts [nTuGcuChXxQ].f399.mp4
 [DRY RUN] Would fix: E:/Blippi/downloads\Blippi - Educational Videos for Kids\What Tricks can a SUPER GENIUS PUPPY DO🐶💕! #shorts #dog [EbO_gcurBM4].f399.mp4
 [DRY RUN] Would fix: E:/Blippi/downloads\Blippi - Educational Videos for Kids\Save the Cat 😿 from the Lava, Blippi! 🔥 Floor is Lava Rescue Mission! #shorts [oAvTkoBVjD0].f399.mp4
 [DRY RUN] Would fix: E:/Blippi/downloads\Blippi - Educational Videos for Kids\Keep your EYE 🫣 on the Excavator Card! Blippi's 🚛 Vehicle Memory Game! #shorts #memorygame [cLuIENzjkKY].f399.mp4
 [DRY RUN] Would fix: E:/Blippi/downloads\Blippi - Educational Videos for Kids\DIY Foam Airplanes and Dinosaurs! Easy Crafts 123! #blippi #shorts [DqORrJjTyoE].f399.mp4
 [DRY RUN] Would fix: E:/Blippi/downloads\Blippi - Educational Videos for Kids\Lets RIDE Monster Trucks and Excavators Together! Best Vehicles with Blippi and ​⁠@GeckosGarage [IJauGYQQ6mw].f399.mp4
 [DRY RUN] Would fix: E:/Blippi/downloads\Blippi - Educational Videos for Kids\Will the Water Balloons 🎈 💦 POP and EXPLODE？! #shorts #meekah [3dF8QL9IQz0].f399.mp4
 [DRY RUN] Would fix: E:/Blippi/downloads\Blippi - Educational Videos for Kids\Can You Remember 🏎️ Blippi's Favorite Vehicles🚓 ？ Easy Memory Game for Kids! #shorts [kNAs_WeqkrI].f399.mp4
 [DRY RUN] Would fix: E:/Blippi/downloads\Blippi - Educational Videos for Kids\Can you make the sound 🫨 of a FIRE ENGINE 🚨 SIREN？! woooooOOOOOOooo #shorts [Rr7su7C6kTw].f399.mp4
 [DRY RUN] Would fix: E:/Blippi/downloads\Blippi - Educational Videos for Kids\Hi Meekah!🎶Let's Dance Like SILLY Crabs🦀! #summerparty #meekah #shorts [REyzw-3Nk0Y].f399.mp4
 [DRY RUN] Would fix: E:/Blippi/downloads\Blippi - Educational Videos for Kids\Meekah SENSORY Play👀☝️! Learn the 5 Senses with Fidget Toys! #meekah #shorts [WCVKJtGA7pA].f399.mp4
 [DRY RUN] Would fix: E:/Blippi/downloads\Blippi - Educational Videos for Kids\Hey Blippi! Organize your CANDY 🍬🍭in less than 1 MINUTE! #candychallenge #shorts [l_d9s-xdB6Q].f399.mp4
 [DRY RUN] Would fix: E:/Blippi/downloads\Blippi - Educational Videos for Kids\Elmo! Be Careful Driving that Excavator 🚜! Blippi is HERE to HELP😊! #shorts #sesamestreet [ZAaUMbBAxj0].f399.mp4
 [DRY RUN] Would fix: E:/Blippi/downloads\Blippi - Educational Videos for Kids\Where 🔍 is the Smallest Blippi EVER! DIY Origami Paper Craft! #shorts #blippi [rgdVDcr2RHs].f399.mp4
 [DRY RUN] Would fix: E:/Blippi/downloads\Blippi - Educational Videos for Kids\Blippi and Meekah Make CRAYONS 🖍️🖍️🖍️!  How to Make Craft Supplies! #shorts [f-kPM5apBvM].f399.mp4
 [DRY RUN] Would fix: E:/Blippi/downloads\Blippi - Educational Videos for Kids\Can Grover Fight FIRES 🔥🔥🔥 with Blippi？ Let's work TOGETHER! #shorts [SZQWOalndHI].f399.mp4
 [DRY RUN] Would fix: E:/Blippi/downloads\Blippi - Educational Videos for Kids\Race CAR VROOM 🏎️ road trip singalong 🤩🤩 #blippi #singalong #song [kLdyfDu74f0].f399.mp4
 [DRY RUN] Would fix: E:/Blippi/downloads\Blippi - Educational Videos for Kids\DIY a Blippi Chalk 🖍️Masterpiece! ☀️Outdoor Crafts for Kids! #blippi #shorts [iIVpRHXifBY].f398.mp4
 [DRY RUN] Would fix: E:/Blippi/downloads\Blippi - Educational Videos for Kids\Can Blippi Win RED 🛑 Light GREEN 🚦Light with a tiny bike!？ #shorts [QBhg7KxiXwc].f399.mp4
 [DRY RUN] Would fix: E:/Blippi/downloads\Blippi - Educational Videos for Kids\Tiny Paper Blippi Goes on a GIANT World Adventure! Paper Crafts for Kids! #shorts [o-Xhs3Rkwcg].f399.mp4
 [DRY RUN] Would fix: E:/Blippi/downloads\Blippi - Educational Videos for Kids\Can Popsicle Sticks 🖍️BE LIKE BLIPPI？! What else can we make🤔？! #shorts [GRBLn77Iu1A].f399.mp4
 [DRY RUN] Would fix: E:/Blippi/downloads\Blippi - Educational Videos for Kids\DIY Cool Lava Lamp 🔥🌋! Just add food coloring! #blippi #shorts [Xlg1Qkpg8d4].f399.mp4
 [DRY RUN] Would fix: E:/Blippi/downloads\Blippi - Educational Videos for Kids\DIY Blippi Construction Craft for Kids! 🎨💜｜ Easy Blippi Art Project #shorts [0rNqqkuTg00].f399.mp4
 [DRY RUN] Would fix: E:/Blippi/downloads\Blippi - Educational Videos for Kids\DIY ✂️ Easy Paper Craft for Kids! I'm CURIOUS who it could be🧐？! #shorts [Xg5OrB5msik].f399.mp4
 [DRY RUN] Would fix: E:/Blippi/downloads\Blippi - Educational Videos for Kids\Go down the DINO SLIDE Blippi! Dinosaur Playground Time! #blippi #shorts [Yu5egf2lf7Q].f399.mp4
 [DRY RUN] Would fix: E:/Blippi/downloads\Blippi - Educational Videos for Kids\Does Blippi look better as a Lollipop 🍭 or a Balloon💙!？ #shorts [W8-vDjpueWE].f399.mp4
 [DRY RUN] Would fix: E:/Blippi/downloads\Blippi - Educational Videos for Kids\Can Blippi clean the SLIME off the dino toys🦖？! Dinosaur RESCUE Challenge! #shorts [UfsoA1fADkk].f399.mp4
 [DRY RUN] Would fix: E:/Blippi/downloads\Blippi - Educational Videos for Kids\Blippi Finds Hidden Blippis at Discovery Cube! 🕵️‍♂️ [FLtD5jRF6LY].f399.mp4
 [DRY RUN] Would fix: E:/Blippi/downloads\Blippi - Educational Videos for Kids\Can ICE CREAM 🍦 be like Blippi💙🧡？! Knock on the Mystery Door to FIND OUT! #shorts [HKHz9PTIPok].f399.mp4
 [DRY RUN] Would fix: E:/Blippi/downloads\Blippi - Educational Videos for Kids\Pop the BALLOON! Sink or Float with Blippi's CANDY TOY Surprise! #blippi #shorts [Tt4Ly1zZ3EU].f399.mp4
 [DRY RUN] Would fix: E:/Blippi/downloads\Blippi - Educational Videos for Kids\NEW DIY Meekah Craft for Kids! 🎨💜｜ Easy Art Project #shorts #meekah #blippi #diyforkids #crafts [THhVvnTdmS8].f399.mp4
 [DRY RUN] Would fix: E:/Blippi/downloads\Blippi - Educational Videos for Kids\The race track is LAVA？! ULIMATE 🔥 STEM Toy Car Challenge! #blippi #shorts [gxH3bGDTCg8].f399.mp4
 [DRY RUN] Would fix: E:/Blippi/downloads\Blippi - Educational Videos for Kids\Can you rescue the Dinosaur from 🧊🦖🧊THE ICE？! #shorts [AuYgzucLw1U].f399.mp4
 [DRY RUN] Would fix: E:/Blippi/downloads\Blippi - Educational Videos for Kids\Guess the Animal 🛑🐐🐓! Blippi's Emoji Challenge! #blippi #shorts [Vv6Wr4h8mgs].f399.mp4
 [DRY RUN] Would fix: E:/Blippi/downloads\Blippi - Educational Videos for Kids\Can you find Tiny Paper Blippi✂️🌹!？ Origami for Kids! #shorts [Z_xonqw1Yd4].f399.mp4
 [DRY RUN] Would fix: E:/Blippi/downloads\Blippi - Educational Videos for Kids\Can Blippi Rescue his Construction Vehicles in 60 seconds🚛⏰？! Ball Pit Challenge! #shorts [HaTq4sbCCzw].f399.mp4
 [DRY RUN] Would fix: E:/Blippi/downloads\Blippi - Educational Videos for Kids\Blippi's ULTIMATE Trick or Treat Challenge! #blippi #shorts [02tYw-0Z7ns].f399.mp4
 [DRY RUN] Would fix: E:/Blippi/downloads\Blippi - Educational Videos for Kids\I could eat a WHOLE dinosaur🥦🦖! #shorts #dinosaurs [WgoH1zVJ5cQ].f399.mp4
 [DRY RUN] Would fix: E:/Blippi/downloads\Blippi - Educational Videos for Kids\Can Blippi Travel Around 🚌🚓✈️ LONDON!？ Learn Fun Facts! #shorts #travel [Mrs8GirEi0I].f399.mp4
 [DRY RUN] Would fix: E:/Blippi/downloads\Blippi - Educational Videos for Kids\What's inside the DINOSAUR EGG？？ Can Blippi and Mael Find the HIDDEN Dino？! #shorts [YDW-1JFPdOg].f399.mp4
 [DRY RUN] Would fix: E:/Blippi/downloads\Blippi - Educational Videos for Kids\Blippi's Frog 🐸 JUMPS at Skyzone! Let's Jump Together! #blippi #shorts [dvwa_kCrUyE].f399.mp4
 [DRY RUN] Would fix: E:/Blippi/downloads\Blippi - Educational Videos for Kids\Save the CAT 🙀 from the LAVA! Kid Blippi and Meekah's Floor is Lava Rescue Mission! #shorts [dm8414EHkqw].f399.mp4
 [DRY RUN] Would fix: E:/Blippi/downloads\Blippi - Educational Videos for Kids\POP the Balloon Challenge in Roblox! Blippi's Obbybods Gameplay! #blippi #shorts [MjB-PXpuXcE].f399.mp4
 [DRY RUN] Would fix: E:/Blippi/downloads\Blippi - Educational Videos for Kids\What is that？! Blippi Excavator Puzzle Challenge🧩! Kids Crafts! #shorts #diy [UDCEQu5Zry4].f399.mp4
 [DRY RUN] Would fix: E:/Blippi/downloads\Blippi - Educational Videos for Kids\Which Dino Car 🏎️💨 🦖will GO FASTEST？! Toy Car Race! #blippi #shorts [w5sFHsWOcgI].f399.mp4
 [DRY RUN] Would fix: E:/Blippi/downloads\Blippi - Educational Videos for Kids\Blippi and Jude Go Down the Slide 🛝 to Play Hide and SEEK! #blippi #shorts [aNvHnD6ARRc].f399.mp4
 [DRY RUN] Would fix: E:/Blippi/downloads\Blippi - Educational Videos for Kids\C-A-N-D-Y🍭! Let's get up and do the SWEET Candy Dance🕺! #blippi #shorts [eP8Pc9-s1l8].f400.mp4
 [DRY RUN] Would fix: E:/Blippi/downloads\Blippi - Educational Videos for Kids\Don't DROP the Balloons 🎈🎈🎈 Blippi! Juggling Challenge! #blippi #shorts [5q6M3aHtAXE].f399.mp4
 [DRY RUN] Would fix: E:/Blippi/downloads\Blippi - Educational Videos for Kids\WOW🫨! Sing a song and learn all the DINOSAUR 🦖🦕 names! #dinosaurs #shorts [mvgrv1uvQag].f399.mp4
 [DRY RUN] Would fix: E:/Blippi/downloads\Blippi - Educational Videos for Kids\Can your excavator dance？! Toy Play REMIX! #lennypearce #shorts [tG3htGNU_54].f399.mp4
 [DRY RUN] Would fix: E:/Blippi/downloads\Blippi - Educational Videos for Kids\Which Vehicle 🏎️ Is Hiding Behind the Colors？ SURPRISE REVEAL🟥! #shorts [X8c2ozujLms].f399.mp4
 [DRY RUN] Would fix: E:/Blippi/downloads\Blippi - Educational Videos for Kids\Blippi Gets⚡ 🦋BUTTERFLY VISION🫣! #blippi #shorts [TbhJGBAih3Q].f399.mp4
 [DRY RUN] Would fix: E:/Blippi/downloads\Blippi - Educational Videos for Kids\Follow the FAST CUPS and find the HIDDEN SHAPE🔺🟦🟡! Blippi's Magic Tricks! #blippi #memorygame [rq6bsY5TBoE].f399.mp4
 [DRY RUN] Would fix: E:/Blippi/downloads\Blippi - Educational Videos for Kids\123 Count all the Asteroids ☄️☄️☄️ in Space with Blippi! #blippi #shorts [fcPfpy68ZRo].f399.mp4
 [DRY RUN] Would fix: E:/Blippi/downloads\Blippi - Educational Videos for Kids\Dance in the GIANT ☀️ Bouncy House Playground! ROAR like a Dinosaur🦖! #shorts [5TUPHViYxE0].f399.mp4
 [DRY RUN] Would fix: E:/Blippi/downloads\Blippi - Educational Videos for Kids\How to hold your breath 💦😮‍💨 💦UNDERWATER! Learn Pool Safety for Kids! #blippi #shorts [013GJiJkNL8].f399.mp4
 [DRY RUN] Would fix: E:/Blippi/downloads\Blippi - Educational Videos for Kids\🚜Surprise Toys Found While Fishing🎣! Can Blippi Catch an Excavator？! #toys #shorts [lprWXPx_cDU].f399.mp4
 [DRY RUN] Would fix: E:/Blippi/downloads\Blippi - Educational Videos for Kids\DIY a SQUISHY 😀 Play-Doh Blippi Face! Follow the steps! #blippi #shorts [J0SN5JpA5_s].f399.mp4
 [DRY RUN] Would fix: E:/Blippi/downloads\Blippi - Educational Videos for Kids\3-2-1! Blippi goes down the GREEN MARBLE SLIDE! #toys #shorts [66R-ls7mXrQ].f399.mp4
 [DRY RUN] Would fix: E:/Blippi/downloads\Blippi - Educational Videos for Kids\Blippi takes out the trash in his GARBAGE TRUCK🚛💨! #shorts [6uLLSwW5T5Y].f399.mp4
 [DRY RUN] Would fix: E:/Blippi/downloads\Blippi - Educational Videos for Kids\Blippi and Meekah Go Down the Slide 🛝 into a Grocery Store？! #blippi #shorts [KsQ1TxJCKeU].f399.mp4
 [DRY RUN] Would fix: E:/Blippi/downloads\Blippi - Educational Videos for Kids\Toy Blippi 🔥 Drives his Firetruck 🚒 to the RESCUE! #shorts #toys [7toK6gTlZxk].f399.mp4
 [DRY RUN] Would fix: E:/Blippi/downloads\Blippi - Educational Videos for Kids\How to Eat DINOSAURS 🦖🥦 with Blippi! DIY Veggie Snack! #blippi #shorts [V9vvnc9IpQA].f399.mp4
 [DRY RUN] Would fix: E:/Blippi/downloads\Blippi - Educational Videos for Kids\JUMP IN THE BALL PIT🔴🔵🟠! Dance REMIX! #blippi #shorts [jPjY6qUUB9c].f399.mp4
 [DRY RUN] Would fix: E:/Blippi/downloads\Blippi - Educational Videos for Kids\Blippi’s a MERMAID TOO💦🧜‍♀️💦! #littleangel #shorts [XQwu4ZtPzEM].f398.mp4
 [DRY RUN] Would fix: E:/Blippi/downloads\Blippi - Educational Videos for Kids\How Many ICE CREAM 🍦 🔵🟣🟡 Scoops Blippi？! Learn Numbers with Yummy Treats! #shorts [6jLWtmD6aUw].f399.mp4
 [DRY RUN] Would fix: E:/Blippi/downloads\Blippi - Educational Videos for Kids\Hurry Blippi👷! Dig up the Hidden Construction Vehicle before it's too late🏖️! #blippi #shorts [d4mULHGIgWI].f399.mp4
 [DRY RUN] Would fix: E:/Blippi/downloads\Blippi - Educational Videos for Kids\Magic Water Bottle with Colors! DIY 🌈🚰Water Trick! #blippi #shorts [R4huN3uV73I].f399.mp4
 [DRY RUN] Would fix: E:/Blippi/downloads\Blippi - Educational Videos for Kids\Can Blippi put out a FIRE 🔥 with SLIME 🟢？! #shorts #diy [eEKuU0wM_UA].f399.mp4
 [DRY RUN] Would fix: E:/Blippi/downloads\Blippi - Educational Videos for Kids\Blippi SLIDES to rescue his Toy Excavator! #toys #blippi #shorts [L_eFwkPWShw].f248.webm
 [DRY RUN] Would fix: E:/Blippi/downloads\Blippi - Educational Videos for Kids\☀️Let's Draw a Cartoon of ⚾ Blippi and Meekah Throwing a Ball! #shorts [BsUmSkdw0rg].f399.mp4
 [DRY RUN] Would fix: E:/Blippi/downloads\Blippi - Educational Videos for Kids\Blippi Puts out a FIRE🔥! Toy Blippi is a Firefighter🚒! #blippi #shorts [8QzOgxvJYAc].f399.mp4
 [DRY RUN] Would fix: E:/Blippi/downloads\Blippi - Educational Videos for Kids\Can you draw ✏️ CARTOON ICE CREAM🍦!？ Learn with Blippi! #shorts #blippi [zcz89aBKU9k].f399.mp4
 [DRY RUN] Would fix: E:/Blippi/downloads\Blippi - Educational Videos for Kids\Have you eaten a watermelon DINOSAUR🦕？! Yummy Dino Snacktime! #blippi #shorts [NMxhYWhaQvY].f399.mp4
 [DRY RUN] Would fix: E:/Blippi/downloads\Blippi - Educational Videos for Kids\😋Yummy vs 🤢Yucky 🍕 PIZZA MAKING Challenge! What tastes best？ #shorts #blippi [DKpsD6bC7MQ].f399.mp4
 [DRY RUN] Would fix: E:/Blippi/downloads\Blippi - Educational Videos for Kids\🤔Imagine if Blippi got a Low Taper Fade 💇🏻.... #shorts [yjNE_9U1ejY].f399.mp4
 [DRY RUN] Would fix: E:/Blippi/downloads\Blippi - Educational Videos for Kids\Let's feed a COW 🐮🥕together! Farmer Blippi grows Vegetables! #blippi #shorts [s5WLXboTNm8].f399.mp4
 [DRY RUN] Would fix: E:/Blippi/downloads\Blippi - Educational Videos for Kids\Let's Learn to Make Rainbow COOKIES🍪🌈! Baking with Blippi! #blippi #shorts [BepIuRbr3CQ].f399.mp4
 [DRY RUN] Would fix: E:/Blippi/downloads\Blippi - Educational Videos for Kids\Why is the Excavator SO SAD😭😭😭？! Kids Learn Emotions 💙🧡 with Toys! #blippi #shorts [gZ7VinOvr5k].f399.mp4
 [DRY RUN] Would fix: E:/Blippi/downloads\Blippi - Educational Videos for Kids\Blippi and Meekah become CONSTRUCTION workers with their new favorite Excavator! #blippi #shorts [qzaxq_dPppM].f399.mp4
 [DRY RUN] Would fix: E:/Blippi/downloads\Blippi - Educational Videos for Kids\How to DIY Blippi's Funny Face 🔵🤪🔴 with Colorful Play-Doh! #blippi #shorts [UlgycbF79ew].f399.mp4
 [DRY RUN] Would fix: E:/Blippi/downloads\Blippi - Educational Videos for Kids\Pop the Balloon! Sink or Float with Blippi's Vehicle Toys! #shorts #blippi [mDVzTil8LSY].f399.mp4
 [DRY RUN] Would fix: E:/Blippi/downloads\Blippi - Educational Videos for Kids\What's inside the MYSTERY SLIME BUCKET🟨🟩🟥？! Rainbow Slime Challenge! #blippi #shorts [gxf3qgDJ__M].f399.mp4
 [DRY RUN] Would fix: E:/Blippi/downloads\Blippi - Educational Videos for Kids\Are you coming to Blippi's Halloween Party？! Halloween Countdown! #blippi #shorts [bWIogzVvgL4].f399.mp4
 [DRY RUN] Would fix: E:/Blippi/downloads\Blippi - Educational Videos for Kids\Fireman Blippi is READY to learn Fire Safety! Put out that Fire 🔥 Blippi! #shorts #blippi [_BgAJn4TWd4].f399.mp4
 [DRY RUN] Would fix: E:/Blippi/downloads\Blippi - Educational Videos for Kids\RED BLUE GREEN 🔴🔵🟢! Who WILL WIN THE ULTIMATE MARBLE RACE？! #blippi #shorts [8ae74bMz1vE].f399.mp4
 [DRY RUN] Would fix: E:/Blippi/downloads\Blippi - Educational Videos for Kids\Row the boat with Blippi! Splish Splash 🌊 #blippi #singalong #song [XnlvF7JWf-o].f399.mp4
 [DRY RUN] Would fix: E:/Blippi/downloads\Blippi - Educational Videos for Kids\Blippi's ULTIMATE Candy Escape Challenge 🍭 IN REAL LIFE! #blippi #shorts [n3fMVc8jvww].f399.mp4
 [DRY RUN] Would fix: E:/Blippi/downloads\Blippi - Educational Videos for Kids\Blippi Climbs the Rainbow Block Tower 🟧🟨🟦 because the FLOOR is LAVA🔥! #shorts [0LUkzz-aEwM].f399.mp4
 [DRY RUN] Would fix: E:/Blippi/downloads\Blippi - Educational Videos for Kids\Excavator BALL PIT Countdown! Blippi's Tabletop Toy Play! #blippi #shorts [GTfYDa7AtHY].f399.mp4
 [DRY RUN] Would fix: E:/Blippi/downloads\Blippi - Educational Videos for Kids\Let's Play the BLIPPI Theme Song with 🎸🪇  REAL INSTRUMENTS! #blippi #shorts [yu1CC8yshLs].f399.mp4
 [DRY RUN] Would fix: E:/Blippi/downloads\Blippi - Educational Videos for Kids\Blippi's Ball Pit ASMR! Soothing Sensory for Kids🔴🔵🟣 ! #blippi #shorts [mNv2esU6q6Q].f399.mp4
 [DRY RUN] Would fix: E:/Blippi/downloads\Blippi - Educational Videos for Kids\Construction Vehicle Sounds! Toy Play ASMR with Blippi! #blippi #shorts [E5sQg5Lc9s0].f399.mp4
 [DRY RUN] Would fix: E:/Blippi/downloads\Blippi - Educational Videos for Kids\Blippi's Floor is Lava Balance Beam Challenge! #blippi #shorts [LwK4vXD2p_k].f399.mp4
 [DRY RUN] Would fix: E:/Blippi/downloads\Blippi - Educational Videos for Kids\Who's that DINO？! Unboxing Animal Toys with Blippi! #blippi #shorts [RjG3UCSyQkA].f399.mp4
 [DRY RUN] Would fix: E:/Blippi/downloads\Blippi - Educational Videos for Kids\DIY Cool Caterpillar 🐛 Straw Trick! Blippi's Favorite Science Toys! #blippi #shorts [ywsS2QStzps].f399.mp4
 [DRY RUN] Would fix: E:/Blippi/downloads\Blippi - Educational Videos for Kids\MAGIC COLOR CHANGING SLIME🟣🔴🟢! Blippi's Slime Experiments! #blippi #shorts [Jh1sYUExZSE].f399.mp4
 [DRY RUN] Would fix: E:/Blippi/downloads\Blippi - Educational Videos for Kids\Blippi uses SCIENCE to rescue his CAT from a LAVA waterfall! #blippi #shorts #cats [c21NRpBU-mU].f399.mp4
 [DRY RUN] Would fix: E:/Blippi/downloads\Blippi - Educational Videos for Kids\Make your own ICE CREAM🍦 sundae with Blippi! Should we add strawberries🍓🍓？ #blippi #shorts [syceZq2vtXs].f399.mp4
 [DRY RUN] Would fix: E:/Blippi/downloads\Blippi - Educational Videos for Kids\Blippi the Hero!🔥 Saving the Dinosaur in a Firefighter Rescue ｜ Educational Videos for Kids [BzeDeaoaQys].f401.mp4
 [DRY RUN] Would fix: E:/Blippi/downloads\Blippi - Educational Videos for Kids\Blippi's Belly Button Boogie! EASY dance routine  #blippi #challenge #dabcechallenge [-NJuwutDdDU].f399.mp4
 [DRY RUN] Would fix: E:/Blippi/downloads\Blippi - Educational Videos for Kids\Knock Knock! Find the HIDDEN Halloween Shapes, Colors and GHOSTS？! #blippi #shorts [bHa5Q_Jkxcw].f399.mp4
 [DRY RUN] Would fix: E:/Blippi/downloads\Blippi - Educational Videos for Kids\Blippi Dances in Roblox! Fun in the Sun Music Video! #blippiroblox #blippi [0kAhPY6-nmk].f399.mp4
 [DRY RUN] Would fix: E:/Blippi/downloads\Blippi - Educational Videos for Kids\Blippi's BEST Floor is Lava Trick Shots and Jumps! #blippi #shorts [97F7Q7p_PO4].f399.mp4
 [DRY RUN] Would fix: E:/Blippi/downloads\Blippi - Educational Videos for Kids\It's T-REX TIME 🦖! Learn Dinosaur Facts with Blippi! #shorts #blippi [xkZBC89dCzQ].f399.mp4
 [DRY RUN] Would fix: E:/Blippi/downloads\Blippi - Educational Videos for Kids\Meekah Swims in the Ball Pit at the Indoor Playground! #shorts #meekah [18pId2xbyks].f399.mp4
 [DRY RUN] Would fix: E:/Blippi/downloads\Blippi - Educational Videos for Kids\Blippi builds a BEST FRIENDS day at the playground! #blippi #shorts [9hM_cese328].f399.mp4
 [DRY RUN] Would fix: E:/Blippi/downloads\Blippi - Educational Videos for Kids\WHICH MARBLE WILL WIN 🟠🔵🔴？! Blippi's DIY Marble Race! #blippi #shorts [YVjKHUbRz_4].f399.mp4
 [DRY RUN] Would fix: E:/Blippi/downloads\Blippi - Educational Videos for Kids\Will Blippi and Logan Save the Cat in TIME？! #blippi #shorts [D6iRx8M_AQY].f399.mp4
 [DRY RUN] Would fix: E:/Blippi/downloads\Blippi - Educational Videos for Kids\Crushing Mystery Eggs + MORE with an Excavator! Fun Experiments! #shorts #blippi [f2ZP0mmKNh0].f399.mp4
 [DRY RUN] Would fix: E:/Blippi/downloads\Blippi - Educational Videos for Kids\Blippi's Puppy Safety Rules! Animal Tips for Kids! #blippi #shorts [0YQNlqCM_j0].f399.mp4
 [DRY RUN] Would fix: E:/Blippi/downloads\Blippi - Educational Videos for Kids\It's Blippi's Favorite Soup! Sink or Float with a Spoon! #blippi #shorts [bABB-A6tIBo].f399.mp4
 [DRY RUN] Would fix: E:/Blippi/downloads\Blippi - Educational Videos for Kids\Pop the BALLOON! Sink or Float with Blippi's FRUIT Surprise! #blippi #shorts [AxtQeFB2MfA].f399.mp4
 [DRY RUN] Would fix: E:/Blippi/downloads\Blippi - Educational Videos for Kids\Blippi's Puppy and Kitten Animal Shelter Photoshoot 🐶 📸! #blippi #shorts [YYiy_oolwpw].f399.mp4
 [DRY RUN] Would fix: E:/Blippi/downloads\Blippi - Educational Videos for Kids\Ballerina Blippi enters a DANCE CHALLENGE! #blippi #dance #shorts [JTKYD418Jn8].f399.mp4
 [DRY RUN] Would fix: E:/Blippi/downloads\Blippi - Educational Videos for Kids\Let's Learn About Bats🦇🔍#Blippiroblox #blippishorts [qgl7ge16rsU].f399.mp4
 [DRY RUN] Would fix: E:/Blippi/downloads\Blippi - Educational Videos for Kids\BLIPPI DRIVES A BULLDOZER 👷🏻‍♂️! Sing and Learn about Construction Vehicles! #blippi #shorts [9kaZRpeHRPI].f399.mp4
 [DRY RUN] Would fix: E:/Blippi/downloads\Blippi - Educational Videos for Kids\Which Vehicle will do the BLIPPI WIGGLE？! Dance with Blippi! #shorts #blippi [IIwOkfIT0-I].f399.mp4
 [DRY RUN] Would fix: E:/Blippi/downloads\Blippi - Educational Videos for Kids\Blippi's Playdate at the Indoor Playground! #blippi #shorts [U2YMdptCklg].f399.mp4
 [DRY RUN] Would fix: E:/Blippi/downloads\Blippi - Educational Videos for Kids\SURPRISE! Blippi's in the Ball Pit! #blippi #shorts [UezOW01HLSA].f399.mp4
 [DRY RUN] Would fix: E:/Blippi/downloads\Blippi - Educational Videos for Kids\Blippi Learns How to Pet a Puppy! #blippi #shorts [s3q1QcXuLbY].f248.webm
 [DRY RUN] Would fix: E:/Blippi/downloads\Blippi - Educational Videos for Kids\Googly Eyes 👀 on the BUS! Blippi's DIY Cars and Trucks! #blippi #shorts #diy [sujcGtZPG3c].f399.mp4
 [DRY RUN] Would fix: E:/Blippi/downloads\Blippi - Educational Videos for Kids\DIY your own SNOW❄️❄️❄️!! Blippi Makes it SNOW❄️❄️❄️! #blippi #shorts #diy [g4s7K56cvJ0].f399.mp4
 [DRY RUN] Would fix: E:/Blippi/downloads\Blippi - Educational Videos for Kids\I'm an EXCAVATOR...TOY! #blippi #shorts #pretendplay [GePPEu0QbFg].f399.mp4
 [DRY RUN] Would fix: E:/Blippi/downloads\Blippi - Educational Videos for Kids\Learn Colors in Roblox with Blippi! #blippi #shorts [8Y09rv2CmX8].f399.mp4
 [DRY RUN] Would fix: E:/Blippi/downloads\Blippi - Educational Videos for Kids\How to Breakdance with Blippi🪩! 3 EASY Steps! #howto #blippi #shorts [BukLwIQC-l0].f399.mp4
 [DRY RUN] Would fix: E:/Blippi/downloads\Blippi - Educational Videos for Kids\How To Draw the CoComelon Watermelon with Blippi! #shorts #blippi #howtodraw [E_KAFcD_CEA].f248.webm
 [DRY RUN] Would fix: E:/Blippi/downloads\Blippi - Educational Videos for Kids\Blippi Drives A TRACTOR in real life! #shorts #blippi [anwe4uGJBLE].f248.webm
 [DRY RUN] Would fix: E:/Blippi/downloads\Blippi - Educational Videos for Kids\Blippi's Firefighter Rescue Song! #blippi #shorts [uGk7d0wgaX0].f399.mp4
 [DRY RUN] Would fix: E:/Blippi/downloads\Blippi - Educational Videos for Kids\Blippi Loves to Eat COOKIES🍪🍪! #shorts #blippi #learning #educational #food #eating #snacks [yzvkqdbrVoA].f399.mp4
 [DRY RUN] Would fix: E:/Blippi/downloads\Blippi - Educational Videos for Kids\Excavator but make it MUSICAL! Broadway in a BALL PIT! #blippi #shorts [1qeAIBUNnBQ].f399.mp4
 [DRY RUN] Would fix: E:/Blippi/downloads\Blippi - Educational Videos for Kids\What is 1+1？ Ms Meekah is here to teach ya! #blippi #shorts [IpAaaCBMBJg].f399.mp4
 [DRY RUN] Would fix: E:/Blippi/downloads\Blippi - Educational Videos for Kids\Blippi's Fly Like a Bird Challenge! Guess the Bird Sound! #blippi #shorts [exnZ96byO3U].f399.mp4
 [DRY RUN] Would fix: E:/Blippi/downloads\Blippi - Educational Videos for Kids\Join Blippi in his NEW Vroom Vroom Vehicle Show!  ｜ #blippi #shorts #vehicles [PeUOp-OwEfE].f399.mp4
 [DRY RUN] Would fix: E:/Blippi/downloads\Blippi - Educational Videos for Kids\Find the Hidden Vehicles in SLIME! Wheels on the SLIME BUS! #blippi #shorts [OtX3bnaCDeU].f399.mp4
 [DRY RUN] Would fix: E:/Blippi/downloads\Blippi - Educational Videos for Kids\Kid Blippi and Meekah's EPIC🔥 Ball Pit PRETEND PLAY! #blippi #shorts [qyqTFFcOsCI].f399.mp4
 [DRY RUN] Would fix: E:/Blippi/downloads\Blippi - Educational Videos for Kids\Hey Blippi! Let's do the DINO DANCE REMIX with @LennyPearce  ! #shorts #blippi #remix [rO8ZGnUT-AA].f399.mp4
 [DRY RUN] Would fix: E:/Blippi/downloads\Blippi - Educational Videos for Kids\Kid Blippi's ULIMATE 🔥 Floor is Lava RESCUE CHALLENGE! #blippi #shorts [rhVtMdsLToo].f399.mp4
 [DRY RUN] Would fix: E:/Blippi/downloads\Blippi - Educational Videos for Kids\Blippi Spins Like a GIANT Wind Turbine 🌪️! #blippi #shorts [_NOiXzcH3dU].f399.mp4
 [DRY RUN] Would fix: E:/Blippi/downloads\Blippi - Educational Videos for Kids\Blippi gets MAD😡! Try and try again to find the HIDDEN Slime Dinosaur 🦖! #blippi #shorts [FXj_NhYLfLE].f399.mp4
 [DRY RUN] Would fix: E:/Blippi/downloads\Blippi - Educational Videos for Kids\Let's Pretend to be an OCTOPUS 🐙! Blippi Learns about ANIMALS! #blippi #shorts [H5qpCSIyyWY].f399.mp4
 [DRY RUN] Would fix: E:/Blippi/downloads\Blippi - Educational Videos for Kids\Can you solve the Blippi puzzle in 30 seconds!？ Easy Games for Kids! #blippi #shorts [x7Qf6JKSRp4].f399.mp4
 [DRY RUN] Would fix: E:/Blippi/downloads\Blippi - Educational Videos for Kids\Kid Blippi and Meekah's Halloween SINK or FLOAT! #blippi #shorts [yh2ExVngszk].f399.mp4
 [DRY RUN] Would fix: E:/Blippi/downloads\Blippi - Educational Videos for Kids\How to Make Chocolate! #blippi #shorts [QsLDCvGZ2IQ].f399.mp4
 [DRY RUN] Would fix: E:/Blippi/downloads\Blippi - Educational Videos for Kids\Get Ready for Halloween with Blippi's Brand New Halloween Pumpkin Hop Song! 🟠🔵 #shorts [q3Z5snrXQ5Y].f399.mp4
 [DRY RUN] Would fix: E:/Blippi/downloads\Blippi - Educational Videos for Kids\Blippi's Train Race! Which Train is the FASTEST？! #shorts #blippi [9o_jirtk51E].f399.mp4
 [DRY RUN] Would fix: E:/Blippi/downloads\Blippi - Educational Videos for Kids\Let's Play Follow the #Blippi! #Shorts #games [koWHnmEgBtE].f248.webm
 [DRY RUN] Would fix: E:/Blippi/downloads\Blippi - Educational Videos for Kids\Watch Meekah's BRAND NEW Twinkle Twinkle Little Star tomorrow on Blippi! 🟣🟡 #shorts [CsO-ilLuukI].f399.mp4
 [DRY RUN] Would fix: E:/Blippi/downloads\Blippi - Educational Videos for Kids\Blippi and Meekah Visit the Seattle Seahawks 🏈! #blippi #shorts #nfl #meekah [hfUdsQjTuYU].f398.mp4
 [DRY RUN] Would fix: E:/Blippi/downloads\Blippi - Educational Videos for Kids\Ms. Rachel Counts to 10 with Blippi and Meekah! BRAND NEW EPISODE this Saturday! #Shorts #blippi [3CfvBCAPZyE].f399.mp4
 [DRY RUN] Would fix: E:/Blippi/downloads\Blippi - Educational Videos for Kids\Fast VS Slow! Blippi and Meekah Play Opposite Games! #Shorts [lXJoKoNfnoI].f399.mp4
 [DRY RUN] Would fix: E:/Blippi/downloads\Blippi - Educational Videos for Kids\Watch Blippi's BRAND NEW Song Fun in the Sun RIGHT NOW! ☀️😎🌞 #shorts #summer #pool [FaeiUaWHwUA].f248.webm
 [DRY RUN] Would fix: E:/Blippi/downloads\Blippi - Educational Videos for Kids\Blippi Learns to Spell with OOBLECK! #Blippi #shorts [rdkSQjV6O88].f399.mp4
 [DRY RUN] Would fix: E:/Blippi/downloads\Blippi - Educational Videos for Kids\Watch Blippi and Meekah's BRAND NEW Heads Shoulders Knees and Toes Next Tuesday! #shorts [zDluPJJTQsU].f399.mp4
 [DRY RUN] Would fix: E:/Blippi/downloads\Blippi - Educational Videos for Kids\Blippi Flies in a Helicopter in Hawaii! #blippi #shorts [6yYbZjkfmdg].f399.mp4
 [DRY RUN] Would fix: E:/Blippi/downloads\Blippi - Educational Videos for Kids\Blippi's DIY Bottle Science Experiment! #blippi #Shorts [_lFG7Vl6PY8].f399.mp4
 [DRY RUN] Would fix: E:/Blippi/downloads\Blippi - Educational Videos for Kids\Blippi Does the Oobleck Pool Challenge! NEW Episode Tomorrow! [dTDhGdD1Qec].f399.mp4
 [DRY RUN] Would fix: E:/Blippi/downloads\Blippi - Educational Videos for Kids\Up Vs Down! Blippi Learns about Opposites! #Shorts #Games [HhF0Ir6UfoY].f399.mp4
 [DRY RUN] Would fix: E:/Blippi/downloads\Blippi - Educational Videos for Kids\Blippi's BRAND NEW Dinosaur Song Coming Next Tuesday! ROAR🦖🦕 #shorts [i4hhyDK4ThI].f399.mp4
 [DRY RUN] Would fix: E:/Blippi/downloads\Blippi - Educational Videos for Kids\Where did Blippi Go？ Hide and Seek Games! #Shorts [Db3xtUEYcLQ].f399.mp4
 [DRY RUN] Would fix: E:/Blippi/downloads\Blippi - Educational Videos for Kids\Blippi Pets the CUTEST Dog named Bingo! #Shorts [eSf9dUfyIxU].f399.mp4
 [DRY RUN] Would fix: E:/Blippi/downloads\Blippi - Educational Videos for Kids\Blippi Plays with DINOSAUR Toys in a Ball Pit! #shorts [NmjxzqwJSe0].f399.mp4
 [DRY RUN] Would fix: E:/Blippi/downloads\Blippi - Educational Videos for Kids\Where's Blippi!？! #Shorts #hideandseek [DMLCIK_2G9A].f399.mp4
 [DRY RUN] Would fix: E:/Blippi/downloads\Blippi - Educational Videos for Kids\Do the Blippi Dance! #shorts [DXQHBAvnMVE].f399.mp4
 [DRY RUN] Would fix: E:/Blippi/downloads\Blippi - Educational Videos for Kids\Let's DIY Valentines with Mini Blippi! #Shorts [6cWu_0Z94Z4].f399.mp4
 [DRY RUN] Would fix: E:/Blippi/downloads\Blippi - Educational Videos for Kids\It's Valentine's Day at the Indoor Playground 💘! NEW EPISODE TOMORROW #shorts [ciPhvwnvfWU].f399.mp4
 [DRY RUN] Would fix: E:/Blippi/downloads\Blippi - Educational Videos for Kids\Blippi's Dinosaur Song! #shorts [A79OirP_WTU].f399.mp4
 [DRY RUN] Would fix: E:/Blippi/downloads\Blippi - Educational Videos for Kids\Blippi's Jumps like a FROG at the Playground 🐸! #Shorts [8emgGbhoSMc].f399.mp4
 [DRY RUN] Would fix: E:/Blippi/downloads\Blippi - Educational Videos for Kids\New Year, Same Blippi 😛🍦#Shorts [48-_brXfZyg].f399.mp4
 [DRY RUN] Would fix: E:/Blippi/downloads\Blippi - Educational Videos for Kids\Blippi LOVES Horses! #Shorts [kO9j5RC5zS4].f399.mp4
 [DRY RUN] Would fix: E:/Blippi/downloads\Blippi - Educational Videos for Kids\Will Blippi SINK or FLOAT？! #Shorts [7KU1MTMJkUw].f399.mp4
 [DRY RUN] Would fix: E:/Blippi/downloads\Blippi - Educational Videos for Kids\Blippi Pretends to be a Sloth!! #shorts [xAQ2jtIqRwM].f399.mp4
 [DRY RUN] Would fix: E:/Blippi/downloads\Blippi - Educational Videos for Kids\Blippi's EXCAVATOR Song! #Shorts [d6AU2sJEY_c].f399.mp4
 [DRY RUN] Would fix: E:/Blippi/downloads\Blippi - Educational Videos for Kids\Blippi’s Race Car Challenge with Toys and Colors! @toysandcolors [yznxW-xJbG4].f401.mp4
 [DRY RUN] Would fix: E:/Blippi/downloads\Blippi - Educational Videos for Kids\Can Blippi’s Spooky Spells Make Costumes, Treats & Pumpkins？🎃- Blippi ｜ Educational Videos for Kids [lAzc5d2JLtM].f399.mp4
 [DRY RUN] Would fix: E:/Blippi/downloads\Blippi - Educational Videos for Kids\Can Blippi & Elmo Drive a Real Excavator？ ｜ Blippi x Sesame Street ｜ Educational Videos for Kids [c0NZiENqkpA].f399.mp4
 [DRY RUN] Would fix: E:/Blippi/downloads\Blippi - Educational Videos for Kids\Blippi & Yellowcard GO GO GO on a World Tour 🎸 [Kx241A5WsDI].f401.mp4
 [DRY RUN] Would fix: E:/Blippi/downloads\Blippi - Educational Videos for Kids\What’s Hiding in the Halloween Slime Excavator？ 👀🎃 [pZdvmhJNxaI].f399.mp4
 [DRY RUN] Would fix: E:/Blippi/downloads\Blippi - Educational Videos for Kids\Blippi’s Big Vehicle Rides! 🎡 [_WI3C0liwwk].f399.mp4
 [DRY RUN] Would fix: E:/Blippi/downloads\Blippi - Educational Videos for Kids\Blippi’s Spooky Halloween House Makeover! [gJpklpnD61w].f399.mp4
 [DRY RUN] Would fix: E:/Blippi/downloads\Blippi - Educational Videos for Kids\Blippi’s Puppy Training Day! 🐶 [d308K-xwIAg].f401.mp4
Cleaning up leftover temporary files...
Scanning directory: E:/Blippi/downloads
Found 433 silent videos.
Using extracted ID: iGdx3_3qrko
Processing: https://www.youtube.com/watch?v=iGdx3_3qrko
Merging audio into: E:/Blippi/downloads\Blippi - Educational Videos for Kids\Blippi Learns to Care for Puppies! 🐾 [iGdx3_3qrko].f399.mp4
Successfully fixed: E:/Blippi/downloads\Blippi - Educational Videos for Kids\Blippi Learns to Care for Puppies! 🐾 [iGdx3_3qrko].f399.mp4
Downloaded thumbnail: E:/Blippi/downloads\Blippi - Educational Videos for Kids\Blippi Learns to Care for Puppies! 🐾 [iGdx3_3qrko].f399.jpg
Using extracted ID: yeVTvh9HU8s
Processing: https://www.youtube.com/watch?v=yeVTvh9HU8s
Merging audio into: E:/Blippi/downloads\Blippi - Educational Videos for Kids\Blippi Meets Dr. Ted the Puppy at the Hospital 🐶 [yeVTvh9HU8s].f399.mp4
Successfully fixed: E:/Blippi/downloads\Blippi - Educational Videos for Kids\Blippi Meets Dr. Ted the Puppy at the Hospital 🐶 [yeVTvh9HU8s].f399.mp4
Downloaded thumbnail: E:/Blippi/downloads\Blippi - Educational Videos for Kids\Blippi Meets Dr. Ted the Puppy at the Hospital 🐶 [yeVTvh9HU8s].f399.jpg
Using extracted ID: Ewif3_xKBEs
Processing: https://www.youtube.com/watch?v=Ewif3_xKBEs
Cleaning up leftover temporary files...
Scanning directory: E:/Blippi/downloads
Found 433 silent videos.
Using extracted ID: Ewif3_xKBEs
Processing: https://www.youtube.com/watch?v=Ewif3_xKBEs
Merging audio into: E:/Blippi/downloads\Blippi - Educational Videos for Kids\Blippi Breaks a Vase! Clean Up Stories for Kids! [Ewif3_xKBEs].f399.mp4
Successfully fixed: E:/Blippi/downloads\Blippi - Educational Videos for Kids\Blippi Breaks a Vase! Clean Up Stories for Kids! [Ewif3_xKBEs].f399.mp4
Downloaded thumbnail: E:/Blippi/downloads\Blippi - Educational Videos for Kids\Blippi Breaks a Vase! Clean Up Stories for Kids! [Ewif3_xKBEs].f399.jpg
Using extracted ID: MK0DEfG1AyM
Processing: https://www.youtube.com/watch?v=MK0DEfG1AyM
Merging audio into: E:/Blippi/downloads\Blippi - Educational Videos for Kids\Blippi Becomes a Zookeeper! 🐢 [MK0DEfG1AyM].f401.mp4
Successfully fixed: E:/Blippi/downloads\Blippi - Educational Videos for Kids\Blippi Becomes a Zookeeper! 🐢 [MK0DEfG1AyM].f401.mp4
Downloaded thumbnail: E:/Blippi/downloads\Blippi - Educational Videos for Kids\Blippi Becomes a Zookeeper! 🐢 [MK0DEfG1AyM].f401.jpg
Using extracted ID: KZO7QyubF5E
Processing: https://www.youtube.com/watch?v=KZO7QyubF5E
Merging audio into: E:/Blippi/downloads\Blippi - Educational Videos for Kids\Sandbox Surprise! Blippi Counts Dino Eggs 1–10! 🦕 [KZO7QyubF5E].f399.mp4
Successfully fixed: E:/Blippi/downloads\Blippi - Educational Videos for Kids\Sandbox Surprise! Blippi Counts Dino Eggs 1–10! 🦕 [KZO7QyubF5E].f399.mp4
Downloaded thumbnail: E:/Blippi/downloads\Blippi - Educational Videos for Kids\Sandbox Surprise! Blippi Counts Dino Eggs 1–10! 🦕 [KZO7QyubF5E].f399.jpg
Using extracted ID: XaVB-cI-k7Q
Processing: https://www.youtube.com/watch?v=XaVB-cI-k7Q
Download error: [0;31mERROR:[0m [download] Got error: HTTPSConnectionPool(host='rr4---sn-nuj-g0iz.googlevideo.com', port=443): Read timed out.
Expected audio file not found after download: E:/Blippi/downloads\Blippi - Educational Videos for Kids\Blippi and Meekah vs. the Halloween King! Trick-or-Treat Adventure [XaVB-cI-k7Q].f399.mp4.temp.m4a
Using extracted ID: B_QZfnMn7Mk
Processing: https://www.youtube.com/watch?v=B_QZfnMn7Mk
Merging audio into: E:/Blippi/downloads\Blippi - Educational Videos for Kids\Blippi Makes Colorful Super Fun Slime! 🎨 [B_QZfnMn7Mk].f399.mp4
Successfully fixed: E:/Blippi/downloads\Blippi - Educational Videos for Kids\Blippi Makes Colorful Super Fun Slime! 🎨 [B_QZfnMn7Mk].f399.mp4
Downloaded thumbnail: E:/Blippi/downloads\Blippi - Educational Videos for Kids\Blippi Makes Colorful Super Fun Slime! 🎨 [B_QZfnMn7Mk].f399.jpg
Using extracted ID: j-Q_9YOtHyc
Processing: https://www.youtube.com/watch?v=j-Q_9YOtHyc
Download error: [0;31mERROR:[0m [download] Got error: HTTPSConnectionPool(host='rr6---sn-nuj-g0iz.googlevideo.com', port=443): Read timed out.
Expected audio file not found after download: E:/Blippi/downloads\Blippi - Educational Videos for Kids\Blippi Builds a Plane and Becomes a Pilot ✈️ [j-Q_9YOtHyc].f401.mp4.temp.m4a
Using extracted ID: POPpSuTCWHg
Processing: https://www.youtube.com/watch?v=POPpSuTCWHg
Merging audio into: E:/Blippi/downloads\Blippi - Educational Videos for Kids\Blippi Goes Fishing! Educational Videos for Kids [POPpSuTCWHg].f399.mp4
Successfully fixed: E:/Blippi/downloads\Blippi - Educational Videos for Kids\Blippi Goes Fishing! Educational Videos for Kids [POPpSuTCWHg].f399.mp4
Downloaded thumbnail: E:/Blippi/downloads\Blippi - Educational Videos for Kids\Blippi Goes Fishing! Educational Videos for Kids [POPpSuTCWHg].f399.jpg
Reached limit of 5 videos.
Cleaning up leftover temporary files...
Scanning directory: E:/Blippi/downloads
Found 433 silent videos.
Using extracted ID: POPpSuTCWHg
Processing: https://www.youtube.com/watch?v=POPpSuTCWHg
Merging audio into: E:/Blippi/downloads\Blippi - Educational Videos for Kids\Blippi Goes Fishing! Educational Videos for Kids [POPpSuTCWHg].f399.mp4
Successfully fixed: E:/Blippi/downloads\Blippi - Educational Videos for Kids\Blippi Goes Fishing! Educational Videos for Kids [POPpSuTCWHg].f399.mp4
Using extracted ID: XaVB-cI-k7Q
Processing: https://www.youtube.com/watch?v=XaVB-cI-k7Q
Merging audio into: E:/Blippi/downloads\Blippi - Educational Videos for Kids\Blippi and Meekah vs. the Halloween King! Trick-or-Treat Adventure [XaVB-cI-k7Q].f399.mp4
Successfully fixed: E:/Blippi/downloads\Blippi - Educational Videos for Kids\Blippi and Meekah vs. the Halloween King! Trick-or-Treat Adventure [XaVB-cI-k7Q].f399.mp4
Downloaded thumbnail: E:/Blippi/downloads\Blippi - Educational Videos for Kids\Blippi and Meekah vs. the Halloween King! Trick-or-Treat Adventure [XaVB-cI-k7Q].f399.jpg
Using extracted ID: j-Q_9YOtHyc
Processing: https://www.youtube.com/watch?v=j-Q_9YOtHyc
Merging audio into: E:/Blippi/downloads\Blippi - Educational Videos for Kids\Blippi Builds a Plane and Becomes a Pilot ✈️ [j-Q_9YOtHyc].f401.mp4
Successfully fixed: E:/Blippi/downloads\Blippi - Educational Videos for Kids\Blippi Builds a Plane and Becomes a Pilot ✈️ [j-Q_9YOtHyc].f401.mp4
Downloaded thumbnail: E:/Blippi/downloads\Blippi - Educational Videos for Kids\Blippi Builds a Plane and Becomes a Pilot ✈️ [j-Q_9YOtHyc].f401.jpg
Using extracted ID: 0puB-kC3yBo
Processing: https://www.youtube.com/watch?v=0puB-kC3yBo
Merging audio into: E:/Blippi/downloads\Blippi - Educational Videos for Kids\Blippi and David Chang's Pizza Challenge! 🍕 [0puB-kC3yBo].f399.mp4
Successfully fixed: E:/Blippi/downloads\Blippi - Educational Videos for Kids\Blippi and David Chang's Pizza Challenge! 🍕 [0puB-kC3yBo].f399.mp4
Downloaded thumbnail: E:/Blippi/downloads\Blippi - Educational Videos for Kids\Blippi and David Chang's Pizza Challenge! 🍕 [0puB-kC3yBo].f399.jpg
Using extracted ID: vdl8tQaTzN0
Processing: https://www.youtube.com/watch?v=vdl8tQaTzN0
Merging audio into: E:/Blippi/downloads\Blippi - Educational Videos for Kids\Can Blippi Dig Up Dinosaur Fossils and Skeletons？ 🦖 [vdl8tQaTzN0].f401.mp4
Successfully fixed: E:/Blippi/downloads\Blippi - Educational Videos for Kids\Can Blippi Dig Up Dinosaur Fossils and Skeletons？ 🦖 [vdl8tQaTzN0].f401.mp4
Downloaded thumbnail: E:/Blippi/downloads\Blippi - Educational Videos for Kids\Can Blippi Dig Up Dinosaur Fossils and Skeletons？ 🦖 [vdl8tQaTzN0].f401.jpg
Using extracted ID: bsMZ5cGTGaE
Processing: https://www.youtube.com/watch?v=bsMZ5cGTGaE
Merging audio into: E:/Blippi/downloads\Blippi - Educational Videos for Kids\Can Blippi Find Dinosaurs？! 🦖 [bsMZ5cGTGaE].f399.mp4
Successfully fixed: E:/Blippi/downloads\Blippi - Educational Videos for Kids\Can Blippi Find Dinosaurs？! 🦖 [bsMZ5cGTGaE].f399.mp4
Downloaded thumbnail: E:/Blippi/downloads\Blippi - Educational Videos for Kids\Can Blippi Find Dinosaurs？! 🦖 [bsMZ5cGTGaE].f399.jpg
Using extracted ID: _MztKubjJwE
Processing: https://www.youtube.com/watch?v=_MztKubjJwE
Merging audio into: E:/Blippi/downloads\Blippi - Educational Videos for Kids\Blippi Saves a Kitty at the Playground! 🐈 [_MztKubjJwE].f399.mp4
Successfully fixed: E:/Blippi/downloads\Blippi - Educational Videos for Kids\Blippi Saves a Kitty at the Playground! 🐈 [_MztKubjJwE].f399.mp4
Downloaded thumbnail: E:/Blippi/downloads\Blippi - Educational Videos for Kids\Blippi Saves a Kitty at the Playground! 🐈 [_MztKubjJwE].f399.jpg
Using extracted ID: i03UiSZUhYg
Processing: https://www.youtube.com/watch?v=i03UiSZUhYg
Merging audio into: E:/Blippi/downloads\Blippi - Educational Videos for Kids\Blippi’s Big Vroomtown Adventure with Mr. Elephant! 🚗🐘 [i03UiSZUhYg].f401.mp4
Successfully fixed: E:/Blippi/downloads\Blippi - Educational Videos for Kids\Blippi’s Big Vroomtown Adventure with Mr. Elephant! 🚗🐘 [i03UiSZUhYg].f401.mp4
Downloaded thumbnail: E:/Blippi/downloads\Blippi - Educational Videos for Kids\Blippi’s Big Vroomtown Adventure with Mr. Elephant! 🚗🐘 [i03UiSZUhYg].f401.jpg
Using extracted ID: _X2mzfGaj8Q
Processing: https://www.youtube.com/watch?v=_X2mzfGaj8Q
Merging audio into: E:/Blippi/downloads\Blippi - Educational Videos for Kids\👑 Will Blippi Get His Candy Back from the Halloween King？ 🎃 [_X2mzfGaj8Q].f401.mp4
Successfully fixed: E:/Blippi/downloads\Blippi - Educational Videos for Kids\👑 Will Blippi Get His Candy Back from the Halloween King？ 🎃 [_X2mzfGaj8Q].f401.mp4
Downloaded thumbnail: E:/Blippi/downloads\Blippi - Educational Videos for Kids\👑 Will Blippi Get His Candy Back from the Halloween King？ 🎃 [_X2mzfGaj8Q].f401.jpg
Using extracted ID: SKbXZLz-3Ww
Processing: https://www.youtube.com/watch?v=SKbXZLz-3Ww
Merging audio into: E:/Blippi/downloads\Blippi - Educational Videos for Kids\Blippi & Everest Dino Paint Hunt Adventure! 🦕🎨 [SKbXZLz-3Ww].f399.mp4
Successfully fixed: E:/Blippi/downloads\Blippi - Educational Videos for Kids\Blippi & Everest Dino Paint Hunt Adventure! 🦕🎨 [SKbXZLz-3Ww].f399.mp4
Downloaded thumbnail: E:/Blippi/downloads\Blippi - Educational Videos for Kids\Blippi & Everest Dino Paint Hunt Adventure! 🦕🎨 [SKbXZLz-3Ww].f399.jpg
Using extracted ID: Edt8elzkMZk
Processing: https://www.youtube.com/watch?v=Edt8elzkMZk
Download error: [0;31mERROR:[0m [download] Got error: HTTP Error 503: Service Unavailable
Expected audio file not found after download: E:/Blippi/downloads\Blippi - Educational Videos for Kids\Can Blippi Fly on a Zipline？ - Blippi ｜ Educational Videos for Kids [Edt8elzkMZk].f399.mp4.temp.m4a
Using extracted ID: cLNZzqlOv84
Processing: https://www.youtube.com/watch?v=cLNZzqlOv84
Merging audio into: E:/Blippi/downloads\Blippi - Educational Videos for Kids\Blippi Makes a Build-A-Bear Friend 🧸✨ [cLNZzqlOv84].f399.mp4
Successfully fixed: E:/Blippi/downloads\Blippi - Educational Videos for Kids\Blippi Makes a Build-A-Bear Friend 🧸✨ [cLNZzqlOv84].f399.mp4
Downloaded thumbnail: E:/Blippi/downloads\Blippi - Educational Videos for Kids\Blippi Makes a Build-A-Bear Friend 🧸✨ [cLNZzqlOv84].f399.jpg
Using extracted ID: xhDdWr0OLz0
Processing: https://www.youtube.com/watch?v=xhDdWr0OLz0
Download error: [0;31mERROR:[0m [download] Got error: HTTP Error 503: Service Unavailable
Expected audio file not found after download: E:/Blippi/downloads\Blippi - Educational Videos for Kids\🍭 Can Blippi & Sammy Survive the Candy Floor is Lava？ 🎃 Sink or Float Halloween Fun! [xhDdWr0OLz0].f399.mp4.temp.m4a
Using extracted ID: mI50lO6whNk
Processing: https://www.youtube.com/watch?v=mI50lO6whNk
Merging audio into: E:/Blippi/downloads\Blippi - Educational Videos for Kids\Blippi’s Obstacle Course Vehicle Challenge! 🚌 🧩 [mI50lO6whNk].f401.mp4
Successfully fixed: E:/Blippi/downloads\Blippi - Educational Videos for Kids\Blippi’s Obstacle Course Vehicle Challenge! 🚌 🧩 [mI50lO6whNk].f401.mp4
Downloaded thumbnail: E:/Blippi/downloads\Blippi - Educational Videos for Kids\Blippi’s Obstacle Course Vehicle Challenge! 🚌 🧩 [mI50lO6whNk].f401.jpg
Using extracted ID: UIcvIGS5sWM
Processing: https://www.youtube.com/watch?v=UIcvIGS5sWM
Merging audio into: E:/Blippi/downloads\Blippi - Educational Videos for Kids\The Cat in the Hat Helps Blippi Make a Volcano Erupt 🌋 [UIcvIGS5sWM].f401.mp4
Successfully fixed: E:/Blippi/downloads\Blippi - Educational Videos for Kids\The Cat in the Hat Helps Blippi Make a Volcano Erupt 🌋 [UIcvIGS5sWM].f401.mp4
Downloaded thumbnail: E:/Blippi/downloads\Blippi - Educational Videos for Kids\The Cat in the Hat Helps Blippi Make a Volcano Erupt 🌋 [UIcvIGS5sWM].f401.jpg
Using extracted ID: Wbp-Olo8zP8
Processing: https://www.youtube.com/watch?v=Wbp-Olo8zP8
Merging audio into: E:/Blippi/downloads\Blippi - Educational Videos for Kids\Blippi & Los Meñiques De La Casa - Curious Como Yo (Spanish and English Song) 🎵 🎶 [Wbp-Olo8zP8].f401.mp4
Successfully fixed: E:/Blippi/downloads\Blippi - Educational Videos for Kids\Blippi & Los Meñiques De La Casa - Curious Como Yo (Spanish and English Song) 🎵 🎶 [Wbp-Olo8zP8].f401.mp4
Downloaded thumbnail: E:/Blippi/downloads\Blippi - Educational Videos for Kids\Blippi & Los Meñiques De La Casa - Curious Como Yo (Spanish and English Song) 🎵 🎶 [Wbp-Olo8zP8].f401.jpg
Using extracted ID: bWpweAC7hw4
Processing: https://www.youtube.com/watch?v=bWpweAC7hw4
Merging audio into: E:/Blippi/downloads\Blippi - Educational Videos for Kids\Ride the Halloween Pumpkin Rollercoaster with Blippi! 🎢🎃 How Fast Does It Go？! [bWpweAC7hw4].f399.mp4
