[3:44:25 PM] ERROR: [Config] Failed to create MEDIA_PATH E:/Blippi/downloads. Falling back to default. Error: ENOENT: no such file or directory, mkdir 'E:\Blippi\downloads'
[3:44:25 PM] [Config] Media Path: D:\JC\Personal\projects\TvApp-JJtv\JJTVAPI\backend\videos
[3:44:26 PM] [DB] Initialized.
[3:44:26 PM] [Scheduler] Started — checking every minute for scheduled downloads.
[3:44:26 PM] [Scanner] Starting full disk scan in: D:\JC\Personal\projects\TvApp-JJtv\JJTVAPI\backend\videos
[3:44:26 PM] 
🚀 JJtv Server (Node.js) is running on:
[3:44:26 PM]    - Local:  http://localhost:5000
[3:44:26 PM]    - Network: http://0.0.0.0:5000

[3:44:26 PM] Press Ctrl+C to stop.
[3:44:26 PM] [Scanner] Full scan complete.
[4:14:26 PM] [Scanner] Starting full disk scan in: D:\JC\Personal\projects\TvApp-JJtv\JJTVAPI\backend\videos
[4:14:26 PM] [Scanner] Full scan complete.
[4:45:22 PM] [Scanner] Starting full disk scan in: D:\JC\Personal\projects\TvApp-JJtv\JJTVAPI\backend\videos
[4:45:22 PM] [Scanner] Full scan complete.
[5:14:44 PM] [Scanner] Starting full disk scan in: D:\JC\Personal\projects\TvApp-JJtv\JJTVAPI\backend\videos
[5:14:44 PM] [Scanner] Full scan complete.
[5:44:44 PM] [Scanner] Starting full disk scan in: D:\JC\Personal\projects\TvApp-JJtv\JJTVAPI\backend\videos
[5:44:44 PM] [Scanner] Full scan complete.
[6:14:28 PM] [Scanner] Starting full disk scan in: D:\JC\Personal\projects\TvApp-JJtv\JJTVAPI\backend\videos
[6:14:28 PM] [Scanner] Full scan complete.
[6:45:22 PM] [Scanner] Starting full disk scan in: D:\JC\Personal\projects\TvApp-JJtv\JJTVAPI\backend\videos
[6:45:22 PM] [Scanner] Full scan complete.
[7:15:05 PM] [Scanner] Starting full disk scan in: D:\JC\Personal\projects\TvApp-JJtv\JJTVAPI\backend\videos
[7:15:05 PM] [Scanner] Full scan complete.
[7:45:05 PM] [Scanner] Starting full disk scan in: D:\JC\Personal\projects\TvApp-JJtv\JJTVAPI\backend\videos
[7:45:05 PM] [Scanner] Full scan complete.
[8:15:05 PM] [Scanner] Starting full disk scan in: D:\JC\Personal\projects\TvApp-JJtv\JJTVAPI\backend\videos
[8:15:05 PM] [Scanner] Full scan complete.
[8:45:05 PM] [Scanner] Starting full disk scan in: D:\JC\Personal\projects\TvApp-JJtv\JJTVAPI\backend\videos
[8:45:05 PM] [Scanner] Full scan complete.
[9:15:05 PM] [Scanner] Starting full disk scan in: D:\JC\Personal\projects\TvApp-JJtv\JJTVAPI\backend\videos
[9:15:05 PM] [Scanner] Full scan complete.
[9:45:05 PM] [Scanner] Starting full disk scan in: D:\JC\Personal\projects\TvApp-JJtv\JJTVAPI\backend\videos
[9:45:05 PM] [Scanner] Full scan complete.
[10:15:05 PM] [Scanner] Starting full disk scan in: D:\JC\Personal\projects\TvApp-JJtv\JJTVAPI\backend\videos
[10:15:05 PM] [Scanner] Full scan complete.
[10:45:05 PM] [Scanner] Starting full disk scan in: D:\JC\Personal\projects\TvApp-JJtv\JJTVAPI\backend\videos
[10:45:05 PM] [Scanner] Full scan complete.
[11:15:05 PM] [Scanner] Starting full disk scan in: D:\JC\Personal\projects\TvApp-JJtv\JJTVAPI\backend\videos
[11:15:05 PM] [Scanner] Full scan complete.
